Log file open, 03/21/22 05:57:58
LogWindows: Failed to load 'aqProf.dll' (GetLastError=126)
LogWindows: File 'aqProf.dll' does not exist
LogWindows: Failed to load 'VtuneApi.dll' (GetLastError=126)
LogWindows: File 'VtuneApi.dll' does not exist
LogWindows: Failed to load 'VtuneApi32e.dll' (GetLastError=126)
LogWindows: File 'VtuneApi32e.dll' does not exist
LogConsoleResponse: Display: Failed to find resolution value strings in scalability ini. Falling back to default.
LogConsoleResponse: Display: Failed to find resolution value strings in scalability ini. Falling back to default.
LogInit: Display: Running engine for game: Project2
LogPlatformFile: Not using cached read wrapper
LogTaskGraph: Started task graph with 5 named threads and 23 total threads with 3 sets of task threads.
LogStats: Stats thread started at 0.325717
LogICUInternationalization: ICU TimeZone Detection - Raw Offset: +9:00, Platform Override: ''
LogInit: Display: Loading text-based GConfig....
LogPluginManager: Mounting plugin MeshPainting
LogPluginManager: Mounting plugin XGEController
LogPluginManager: Mounting plugin Paper2D
LogPluginManager: Mounting plugin EnvironmentQueryEditor
LogPluginManager: Mounting plugin AISupport
LogPluginManager: Mounting plugin LightPropagationVolume
LogPluginManager: Mounting plugin OodleNetwork
LogPluginManager: Mounting plugin DatasmithContent
LogPluginManager: Mounting plugin AnimationSharing
LogPluginManager: Mounting plugin CLionSourceCodeAccess
LogPluginManager: Mounting plugin VariantManagerContent
LogPluginManager: Mounting plugin KDevelopSourceCodeAccess
LogPluginManager: Mounting plugin GitSourceControl
LogPluginManager: Mounting plugin NullSourceCodeAccess
LogPluginManager: Mounting plugin PixWinPlugin
LogPluginManager: Mounting plugin PlasticSourceControl
LogPluginManager: Mounting plugin PerforceSourceControl
LogPluginManager: Mounting plugin PluginUtils
LogPluginManager: Mounting plugin PropertyAccessNode
LogPluginManager: Mounting plugin RiderLink
LogPluginManager: Mounting plugin RiderSourceCodeAccess
LogPluginManager: Mounting plugin TextureFormatOodle
LogPluginManager: Mounting plugin SubversionSourceControl
LogPluginManager: Mounting plugin UObjectPlugin
LogPluginManager: Mounting plugin VisualStudioCodeSourceCodeAccess
LogPluginManager: Mounting plugin VisualStudioSourceCodeAccess
LogPluginManager: Mounting plugin XCodeSourceCodeAccess
LogPluginManager: Mounting plugin AssetManagerEditor
LogPluginManager: Mounting plugin CryptoKeys
LogPluginManager: Mounting plugin CurveEditorTools
LogPluginManager: Mounting plugin DataValidation
LogPluginManager: Mounting plugin FacialAnimation
LogPluginManager: Mounting plugin GameplayTagsEditor
LogPluginManager: Mounting plugin GeometryMode
LogPluginManager: Mounting plugin MacGraphicsSwitching
LogPluginManager: Mounting plugin MaterialAnalyzer
LogPluginManager: Mounting plugin PluginBrowser
LogPluginManager: Mounting plugin MobileLauncherProfileWizard
LogPluginManager: Mounting plugin SpeedTreeImporter
LogPluginManager: Mounting plugin Niagara
LogPluginManager: Mounting plugin LuminPlatformFeatures
LogPluginManager: Mounting plugin MagicLeap
LogPluginManager: Mounting plugin MagicLeapMedia
LogPluginManager: Mounting plugin MagicLeapLightEstimation
LogPluginManager: Mounting plugin OodleData
LogPluginManager: Mounting plugin MagicLeapPassableWorld
LogPluginManager: Mounting plugin AlembicImporter
LogPluginManager: Mounting plugin MLSDK
LogPluginManager: Mounting plugin AutomationUtils
LogPluginManager: Mounting plugin CodeLiteSourceCodeAccess
LogPluginManager: Mounting plugin BackChannel
LogPluginManager: Mounting plugin ChaosCloth
LogPluginManager: Mounting plugin ChaosClothEditor
LogPluginManager: Mounting plugin ChaosNiagara
LogPluginManager: Mounting plugin ChaosSolverPlugin
LogPluginManager: Mounting plugin ChaosEditor
LogPluginManager: Mounting plugin CharacterAI
LogPluginManager: Mounting plugin GeometryCache
LogPluginManager: Mounting plugin GeometryCollectionPlugin
LogPluginManager: Mounting plugin AndroidMedia
LogPluginManager: Mounting plugin AvfMedia
LogPluginManager: Mounting plugin ImgMedia
LogPluginManager: Mounting plugin MediaCompositing
LogPluginManager: Mounting plugin MediaPlayerEditor
LogPluginManager: Mounting plugin WebMMedia
LogPluginManager: Mounting plugin WmfMedia
LogPluginManager: Mounting plugin GeometryProcessing
LogPluginManager: Mounting plugin MotoSynth
LogPluginManager: Mounting plugin OpenImageDenoise
LogPluginManager: Mounting plugin PlanarCut
LogPluginManager: Mounting plugin PlatformCrypto
LogPluginManager: Mounting plugin PythonScriptPlugin
LogPluginManager: Mounting plugin ProxyLODPlugin
LogPluginManager: Mounting plugin SkeletalReduction
LogPluginManager: Mounting plugin TcpMessaging
LogPluginManager: Mounting plugin UdpMessaging
LogPluginManager: Mounting plugin ActorSequence
LogPluginManager: Mounting plugin LevelSequenceEditor
LogPluginManager: Mounting plugin MatineeToLevelSequence
LogPluginManager: Mounting plugin TemplateSequence
LogPluginManager: Mounting plugin OnlineSubsystem
LogPluginManager: Mounting plugin OnlineSubsystemNull
LogPluginManager: Mounting plugin OnlineSubsystemUtils
LogPluginManager: Mounting plugin LauncherChunkInstaller
LogPluginManager: Mounting plugin ActorLayerUtilities
LogPluginManager: Mounting plugin AndroidDeviceProfileSelector
LogPluginManager: Mounting plugin AndroidMoviePlayer
LogPluginManager: Mounting plugin AndroidPermission
LogPluginManager: Mounting plugin AppleImageUtils
LogPluginManager: Mounting plugin AppleMoviePlayer
LogPluginManager: Mounting plugin ArchVisCharacter
LogPluginManager: Mounting plugin AssetTags
LogPluginManager: Mounting plugin AudioCapture
LogPluginManager: Mounting plugin AudioSynesthesia
LogPluginManager: Mounting plugin CableComponent
LogPluginManager: Mounting plugin ChunkDownloader
LogPluginManager: Mounting plugin CustomMeshComponent
LogPluginManager: Mounting plugin EditableMesh
LogPluginManager: Mounting plugin ExampleDeviceProfileSelector
LogPluginManager: Mounting plugin GoogleCloudMessaging
LogPluginManager: Mounting plugin GooglePAD
LogPluginManager: Mounting plugin ScreenshotTools
LogPluginManager: Mounting plugin IOSDeviceProfileSelector
LogPluginManager: Mounting plugin LinuxDeviceProfileSelector
LogPluginManager: Mounting plugin LocationServicesBPLibrary
LogPluginManager: Mounting plugin MobilePatchingUtils
LogPluginManager: Mounting plugin OpenXR
LogPluginManager: Mounting plugin OpenXREyeTracker
LogPluginManager: Mounting plugin OpenXRHandTracking
LogPluginManager: Mounting plugin PhysXVehicles
LogPluginManager: Mounting plugin Takes
LogPluginManager: Mounting plugin PostSplashScreen
LogPluginManager: Mounting plugin ProceduralMeshComponent
LogPluginManager: Mounting plugin PropertyAccessEditor
LogPluginManager: Mounting plugin RuntimePhysXCooking
LogPluginManager: Mounting plugin SignificanceManager
LogPluginManager: Mounting plugin SoundFields
LogPluginManager: Mounting plugin Synthesis
LogPluginManager: Mounting plugin WebMMoviePlayer
LogPluginManager: Mounting plugin WindowsMoviePlayer
LogPluginManager: Mounting plugin LiveLink
LogPluginManager: Mounting plugin CameraShakePreviewer
LogPluginManager: Mounting plugin GameplayCameras
LogPluginManager: Mounting plugin ContentBrowserAssetDataSource
LogPluginManager: Mounting plugin ContentBrowserClassDataSource
LogPluginManager: Mounting plugin ContentBrowserFileDataSource
LogPluginManager: Mounting plugin OnlineSubsystemGooglePlay
LogPluginManager: Mounting plugin OnlineSubsystemIOS
LogPluginManager: Mounting plugin OculusVR
LogPluginManager: Mounting plugin SteamVR
PixWinPlugin: PIX capture plugin failed to initialize! Check that the process is launched from PIX.
LogInit: Using libcurl 7.55.1-DEV
LogInit:  - built for x86_64-pc-win32
LogInit:  - supports SSL with OpenSSL/1.1.1
LogInit:  - supports HTTP deflate (compression) using libz 1.2.8
LogInit:  - other features:
LogInit:      CURL_VERSION_SSL
LogInit:      CURL_VERSION_LIBZ
LogInit:      CURL_VERSION_IPV6
LogInit:      CURL_VERSION_ASYNCHDNS
LogInit:      CURL_VERSION_LARGEFILE
LogInit:      CURL_VERSION_IDN
LogInit:  CurlRequestOptions (configurable via config and command line):
LogInit:  - bVerifyPeer = true  - Libcurl will verify peer certificate
LogInit:  - bUseHttpProxy = false  - Libcurl will NOT use HTTP proxy
LogInit:  - bDontReuseConnections = false  - Libcurl will reuse connections
LogInit:  - MaxHostConnections = 16  - Libcurl will limit the number of connections to a host
LogInit:  - LocalHostAddr = Default
LogInit:  - BufferSize = 65536
LogOnline: OSS: Creating online subsystem instance for: NULL
LogInit: WinSock: version 1.1 (2.2), MaxSocks=32767, MaxUdp=65467
LogOnline: OSS: TryLoadSubsystemAndSetDefault: Loaded subsystem for module [NULL]
LogOculusPluginWrapper: OculusPlugin initialized successfully
LogHMD: Failed initializing OVRPlugin 1.59.0
LogInit: Build: ++UE4+Release-4.27-CL-18319896
LogInit: Engine Version: 4.27.2-18319896+++UE4+Release-4.27
LogInit: Compatible Engine Version: 4.27.0-17155196+++UE4+Release-4.27
LogInit: Net CL: 17155196
LogInit: OS: Windows 10 (Release 2009) (), CPU: Intel(R) Core(TM) i5-9300H CPU @ 2.40GHz, GPU: Intel(R) UHD Graphics 630
LogInit: Compiled (64-bit): Nov 30 2021 07:12:08
LogInit: Compiled with Visual C++: 19.24.28315.00
LogInit: Build Configuration: Development
LogInit: Branch Name: ++UE4+Release-4.27
LogInit: Command Line:  -skipcompile
LogInit: Base Directory: C:/Program Files/Epic Games/UE_4.27/Engine/Binaries/Win64/
LogInit: Allocator: TBB
LogInit: Installed Engine Build: 1
LogDevObjectVersion: Number of dev versions registered: 29
LogDevObjectVersion:   Dev-Blueprints (B0D832E4-1F89-4F0D-ACCF-7EB736FD4AA2): 10
LogDevObjectVersion:   Dev-Build (E1C64328-A22C-4D53-A36C-8E866417BD8C): 0
LogDevObjectVersion:   Dev-Core (375EC13C-06E4-48FB-B500-84F0262A717E): 4
LogDevObjectVersion:   Dev-Editor (E4B068ED-F494-42E9-A231-DA0B2E46BB41): 40
LogDevObjectVersion:   Dev-Framework (CFFC743F-43B0-4480-9391-14DF171D2073): 37
LogDevObjectVersion:   Dev-Mobile (B02B49B5-BB20-44E9-A304-32B752E40360): 3
LogDevObjectVersion:   Dev-Networking (A4E4105C-59A1-49B5-A7C5-40C4547EDFEE): 0
LogDevObjectVersion:   Dev-Online (39C831C9-5AE6-47DC-9A44-9C173E1C8E7C): 0
LogDevObjectVersion:   Dev-Physics (78F01B33-EBEA-4F98-B9B4-84EACCB95AA2): 14
LogDevObjectVersion:   Dev-Platform (6631380F-2D4D-43E0-8009-CF276956A95A): 0
LogDevObjectVersion:   Dev-Rendering (12F88B9F-8875-4AFC-A67C-D90C383ABD29): 45
LogDevObjectVersion:   Dev-Sequencer (7B5AE74C-D270-4C10-A958-57980B212A5A): 13
LogDevObjectVersion:   Dev-VR (D7296918-1DD6-4BDD-9DE2-64A83CC13884): 3
LogDevObjectVersion:   Dev-LoadTimes (C2A15278-BFE7-4AFE-6C17-90FF531DF755): 1
LogDevObjectVersion:   Private-Geometry (6EACA3D4-40EC-4CC1-B786-8BED09428FC5): 3
LogDevObjectVersion:   Dev-AnimPhys (29E575DD-E0A3-4627-9D10-D276232CDCEA): 17
LogDevObjectVersion:   Dev-Anim (AF43A65D-7FD3-4947-9873-3E8ED9C1BB05): 15
LogDevObjectVersion:   Dev-ReflectionCapture (6B266CEC-1EC7-4B8F-A30B-E4D90942FC07): 1
LogDevObjectVersion:   Dev-Automation (0DF73D61-A23F-47EA-B727-89E90C41499A): 1
LogDevObjectVersion:   FortniteMain (601D1886-AC64-4F84-AA16-D3DE0DEAC7D6): 47
LogDevObjectVersion:   FortniteRelease (E7086368-6B23-4C58-8439-1B7016265E91): 1
LogDevObjectVersion:   Dev-Enterprise (9DFFBCD6-494F-0158-E221-12823C92A888): 10
LogDevObjectVersion:   Dev-Niagara (F2AED0AC-9AFE-416F-8664-AA7FFA26D6FC): 1
LogDevObjectVersion:   Dev-Destruction (174F1F0B-B4C6-45A5-B13F-2EE8D0FB917D): 10
LogDevObjectVersion:   Dev-Physics-Ext (35F94A83-E258-406C-A318-09F59610247C): 41
LogDevObjectVersion:   Dev-PhysicsMaterial-Chaos (B68FC16E-8B1B-42E2-B453-215C058844FE): 1
LogDevObjectVersion:   Dev-CineCamera (B2E18506-4273-CFC2-A54E-F4BB758BBA07): 1
LogDevObjectVersion:   Dev-VirtualProduction (64F58936-FD1B-42BA-BA96-7289D5D0FA4E): 1
LogDevObjectVersion:   Dev-MediaFramework (6F0ED827-A609-4895-9C91-998D90180EA4): 2
LogInit: Presizing for max 25165824 objects, including 0 objects not considered by GC, pre-allocating 0 bytes for permanent pool.
LogConfig: Applying CVar settings from Section [/Script/Engine.StreamingSettings] File [C:/Users/Lenovo/Documents/Unreal Projects/GANGtwo/Saved/Config/Windows/Engine.ini]
LogConfig: Setting CVar [[s.MinBulkDataSizeForAsyncLoading:131072]]
LogConfig: Setting CVar [[s.AsyncLoadingThreadEnabled:0]]
LogConfig: Setting CVar [[s.EventDrivenLoaderEnabled:1]]
LogConfig: Setting CVar [[s.WarnIfTimeLimitExceeded:0]]
LogConfig: Setting CVar [[s.TimeLimitExceededMultiplier:1.5]]
LogConfig: Setting CVar [[s.TimeLimitExceededMinTime:0.005]]
LogConfig: Setting CVar [[s.UseBackgroundLevelStreaming:1]]
LogConfig: Setting CVar [[s.PriorityAsyncLoadingExtraTime:15.0]]
LogConfig: Setting CVar [[s.LevelStreamingActorsUpdateTimeLimit:5.0]]
LogConfig: Setting CVar [[s.PriorityLevelStreamingActorsUpdateExtraTime:5.0]]
LogConfig: Setting CVar [[s.LevelStreamingComponentsRegistrationGranularity:10]]
LogConfig: Setting CVar [[s.UnregisterComponentsTimeLimit:1.0]]
LogConfig: Setting CVar [[s.LevelStreamingComponentsUnregistrationGranularity:5]]
LogConfig: Setting CVar [[s.FlushStreamingOnExit:1]]
LogInit: Object subsystem initialized
LogConfig: Setting CVar [[con.DebugEarlyDefault:1]]
LogConfig: Setting CVar [[r.setres:1280x720]]
[2022.03.20-20.57.59:681][  0]LogConfig: Setting CVar [[r.VSync:0]]
[2022.03.20-20.57.59:681][  0]LogConfig: Setting CVar [[r.RHICmdBypass:0]]
[2022.03.20-20.57.59:681][  0]LogConfig: Applying CVar settings from Section [/Script/Engine.RendererSettings] File [C:/Users/Lenovo/Documents/Unreal Projects/GANGtwo/Saved/Config/Windows/Engine.ini]
[2022.03.20-20.57.59:681][  0]LogConfig: Setting CVar [[r.GPUCrashDebugging:0]]
[2022.03.20-20.57.59:681][  0]LogConfig: Applying CVar settings from Section [/Script/Engine.RendererOverrideSettings] File [C:/Users/Lenovo/Documents/Unreal Projects/GANGtwo/Saved/Config/Windows/Engine.ini]
[2022.03.20-20.57.59:681][  0]LogConfig: Applying CVar settings from Section [/Script/Engine.StreamingSettings] File [C:/Users/Lenovo/Documents/Unreal Projects/GANGtwo/Saved/Config/Windows/Engine.ini]
[2022.03.20-20.57.59:681][  0]LogConfig: Setting CVar [[s.MinBulkDataSizeForAsyncLoading:131072]]
[2022.03.20-20.57.59:681][  0]LogConfig: Setting CVar [[s.AsyncLoadingThreadEnabled:0]]
[2022.03.20-20.57.59:681][  0]LogConfig: Setting CVar [[s.EventDrivenLoaderEnabled:1]]
[2022.03.20-20.57.59:681][  0]LogConfig: Setting CVar [[s.WarnIfTimeLimitExceeded:0]]
[2022.03.20-20.57.59:681][  0]LogConfig: Setting CVar [[s.TimeLimitExceededMultiplier:1.5]]
[2022.03.20-20.57.59:682][  0]LogConfig: Setting CVar [[s.TimeLimitExceededMinTime:0.005]]
[2022.03.20-20.57.59:682][  0]LogConfig: Setting CVar [[s.UseBackgroundLevelStreaming:1]]
[2022.03.20-20.57.59:682][  0]LogConfig: Setting CVar [[s.PriorityAsyncLoadingExtraTime:15.0]]
[2022.03.20-20.57.59:682][  0]LogConfig: Setting CVar [[s.LevelStreamingActorsUpdateTimeLimit:5.0]]
[2022.03.20-20.57.59:682][  0]LogConfig: Setting CVar [[s.PriorityLevelStreamingActorsUpdateExtraTime:5.0]]
[2022.03.20-20.57.59:682][  0]LogConfig: Setting CVar [[s.LevelStreamingComponentsRegistrationGranularity:10]]
[2022.03.20-20.57.59:682][  0]LogConfig: Setting CVar [[s.UnregisterComponentsTimeLimit:1.0]]
[2022.03.20-20.57.59:682][  0]LogConfig: Setting CVar [[s.LevelStreamingComponentsUnregistrationGranularity:5]]
[2022.03.20-20.57.59:682][  0]LogConfig: Setting CVar [[s.FlushStreamingOnExit:1]]
[2022.03.20-20.57.59:682][  0]LogConfig: Applying CVar settings from Section [/Script/Engine.GarbageCollectionSettings] File [C:/Users/Lenovo/Documents/Unreal Projects/GANGtwo/Saved/Config/Windows/Engine.ini]
[2022.03.20-20.57.59:682][  0]LogConfig: Setting CVar [[gc.MaxObjectsNotConsideredByGC:1]]
[2022.03.20-20.57.59:682][  0]LogConfig: Setting CVar [[gc.SizeOfPermanentObjectPool:0]]
[2022.03.20-20.57.59:682][  0]LogConfig: Setting CVar [[gc.FlushStreamingOnGC:0]]
[2022.03.20-20.57.59:682][  0]LogConfig: Setting CVar [[gc.NumRetriesBeforeForcingGC:10]]
[2022.03.20-20.57.59:682][  0]LogConfig: Setting CVar [[gc.AllowParallelGC:1]]
[2022.03.20-20.57.59:682][  0]LogConfig: Setting CVar [[gc.TimeBetweenPurgingPendingKillObjects:61.1]]
[2022.03.20-20.57.59:683][  0]LogConfig: Setting CVar [[gc.MaxObjectsInEditor:25165824]]
[2022.03.20-20.57.59:683][  0]LogConfig: Setting CVar [[gc.IncrementalBeginDestroyEnabled:1]]
[2022.03.20-20.57.59:683][  0]LogConfig: Setting CVar [[gc.CreateGCClusters:1]]
[2022.03.20-20.57.59:683][  0]LogConfig: Setting CVar [[gc.MinGCClusterSize:5]]
[2022.03.20-20.57.59:683][  0]LogConfig: Setting CVar [[gc.ActorClusteringEnabled:0]]
[2022.03.20-20.57.59:683][  0]LogConfig: Setting CVar [[gc.BlueprintClusteringEnabled:0]]
[2022.03.20-20.57.59:683][  0]LogConfig: Setting CVar [[gc.UseDisregardForGCOnDedicatedServers:0]]
[2022.03.20-20.57.59:683][  0]LogConfig: Setting CVar [[gc.MultithreadedDestructionEnabled:1]]
[2022.03.20-20.57.59:683][  0]LogConfig: Applying CVar settings from Section [/Script/Engine.NetworkSettings] File [C:/Users/Lenovo/Documents/Unreal Projects/GANGtwo/Saved/Config/Windows/Engine.ini]
[2022.03.20-20.57.59:683][  0]LogConfig: Applying CVar settings from Section [/Script/UnrealEd.CookerSettings] File [C:/Users/Lenovo/Documents/Unreal Projects/GANGtwo/Saved/Config/Windows/Engine.ini]
[2022.03.20-20.57.59:700][  0]LogConfig: Applying CVar settings from Section [ViewDistanceQuality@3] File [C:/Users/Lenovo/Documents/Unreal Projects/GANGtwo/Saved/Config/Windows/Scalability.ini]
[2022.03.20-20.57.59:700][  0]LogConfig: Setting CVar [[r.SkeletalMeshLODBias:0]]
[2022.03.20-20.57.59:700][  0]LogConfig: Setting CVar [[r.ViewDistanceScale:1.0]]
[2022.03.20-20.57.59:701][  0]LogConfig: Applying CVar settings from Section [AntiAliasingQuality@3] File [C:/Users/Lenovo/Documents/Unreal Projects/GANGtwo/Saved/Config/Windows/Scalability.ini]
[2022.03.20-20.57.59:701][  0]LogConfig: Setting CVar [[r.PostProcessAAQuality:4]]
[2022.03.20-20.57.59:701][  0]LogConfig: Applying CVar settings from Section [ShadowQuality@3] File [C:/Users/Lenovo/Documents/Unreal Projects/GANGtwo/Saved/Config/Windows/Scalability.ini]
[2022.03.20-20.57.59:701][  0]LogConfig: Setting CVar [[r.LightFunctionQuality:1]]
[2022.03.20-20.57.59:701][  0]LogConfig: Setting CVar [[r.ShadowQuality:5]]
[2022.03.20-20.57.59:701][  0]LogConfig: Setting CVar [[r.Shadow.CSM.MaxCascades:10]]
[2022.03.20-20.57.59:701][  0]LogConfig: Setting CVar [[r.Shadow.MaxResolution:2048]]
[2022.03.20-20.57.59:701][  0]LogConfig: Setting CVar [[r.Shadow.MaxCSMResolution:2048]]
[2022.03.20-20.57.59:701][  0]LogConfig: Setting CVar [[r.Shadow.RadiusThreshold:0.01]]
[2022.03.20-20.57.59:701][  0]LogConfig: Setting CVar [[r.Shadow.DistanceScale:1.0]]
[2022.03.20-20.57.59:701][  0]LogConfig: Setting CVar [[r.Shadow.CSM.TransitionScale:1.0]]
[2022.03.20-20.57.59:702][  0]LogConfig: Setting CVar [[r.Shadow.PreShadowResolutionFactor:1.0]]
[2022.03.20-20.57.59:702][  0]LogConfig: Setting CVar [[r.DistanceFieldShadowing:1]]
[2022.03.20-20.57.59:702][  0]LogConfig: Setting CVar [[r.DistanceFieldAO:1]]
[2022.03.20-20.57.59:702][  0]LogConfig: Setting CVar [[r.AOQuality:2]]
[2022.03.20-20.57.59:702][  0]LogConfig: Setting CVar [[r.VolumetricFog:1]]
[2022.03.20-20.57.59:702][  0]LogConfig: Setting CVar [[r.VolumetricFog.GridPixelSize:8]]
[2022.03.20-20.57.59:702][  0]LogConfig: Setting CVar [[r.VolumetricFog.GridSizeZ:128]]
[2022.03.20-20.57.59:702][  0]LogConfig: Setting CVar [[r.VolumetricFog.HistoryMissSupersampleCount:4]]
[2022.03.20-20.57.59:702][  0]LogConfig: Setting CVar [[r.LightMaxDrawDistanceScale:1]]
[2022.03.20-20.57.59:702][  0]LogConfig: Setting CVar [[r.CapsuleShadows:1]]
[2022.03.20-20.57.59:702][  0]LogConfig: Applying CVar settings from Section [PostProcessQuality@3] File [C:/Users/Lenovo/Documents/Unreal Projects/GANGtwo/Saved/Config/Windows/Scalability.ini]
[2022.03.20-20.57.59:702][  0]LogConfig: Setting CVar [[r.MotionBlurQuality:4]]
[2022.03.20-20.57.59:702][  0]LogConfig: Setting CVar [[r.AmbientOcclusionMipLevelFactor:0.4]]
[2022.03.20-20.57.59:702][  0]LogConfig: Setting CVar [[r.AmbientOcclusionMaxQuality:100]]
[2022.03.20-20.57.59:703][  0]LogConfig: Setting CVar [[r.AmbientOcclusionLevels:-1]]
[2022.03.20-20.57.59:703][  0]LogConfig: Setting CVar [[r.AmbientOcclusionRadiusScale:1.0]]
[2022.03.20-20.57.59:703][  0]LogConfig: Setting CVar [[r.DepthOfFieldQuality:2]]
[2022.03.20-20.57.59:703][  0]LogConfig: Setting CVar [[r.RenderTargetPoolMin:400]]
[2022.03.20-20.57.59:703][  0]LogConfig: Setting CVar [[r.LensFlareQuality:2]]
[2022.03.20-20.57.59:703][  0]LogConfig: Setting CVar [[r.SceneColorFringeQuality:1]]
[2022.03.20-20.57.59:703][  0]LogConfig: Setting CVar [[r.EyeAdaptationQuality:2]]
[2022.03.20-20.57.59:703][  0]LogConfig: Setting CVar [[r.BloomQuality:5]]
[2022.03.20-20.57.59:703][  0]LogConfig: Setting CVar [[r.FastBlurThreshold:100]]
[2022.03.20-20.57.59:703][  0]LogConfig: Setting CVar [[r.Upscale.Quality:3]]
[2022.03.20-20.57.59:703][  0]LogConfig: Setting CVar [[r.Tonemapper.GrainQuantization:1]]
[2022.03.20-20.57.59:703][  0]LogConfig: Setting CVar [[r.LightShaftQuality:1]]
[2022.03.20-20.57.59:703][  0]LogConfig: Setting CVar [[r.Filter.SizeScale:1]]
[2022.03.20-20.57.59:703][  0]LogConfig: Setting CVar [[r.Tonemapper.Quality:5]]
[2022.03.20-20.57.59:704][  0]LogConfig: Setting CVar [[r.DOF.Gather.AccumulatorQuality:1        ; higher gathering accumulator quality]]
[2022.03.20-20.57.59:704][  0]LogConfig: Setting CVar [[r.DOF.Gather.PostfilterMethod:1          ; Median3x3 postfilering method]]
[2022.03.20-20.57.59:704][  0]LogConfig: Setting CVar [[r.DOF.Gather.EnableBokehSettings:0       ; no bokeh simulation when gathering]]
[2022.03.20-20.57.59:704][  0]LogConfig: Setting CVar [[r.DOF.Gather.RingCount:4                 ; medium number of samples when gathering]]
[2022.03.20-20.57.59:704][  0]LogConfig: Setting CVar [[r.DOF.Scatter.ForegroundCompositing:1    ; additive foreground scattering]]
[2022.03.20-20.57.59:704][  0]LogConfig: Setting CVar [[r.DOF.Scatter.BackgroundCompositing:2    ; additive background scattering]]
[2022.03.20-20.57.59:704][  0]LogConfig: Setting CVar [[r.DOF.Scatter.EnableBokehSettings:1      ; bokeh simulation when scattering]]
[2022.03.20-20.57.59:704][  0]LogConfig: Setting CVar [[r.DOF.Scatter.MaxSpriteRatio:0.1         ; only a maximum of 10% of scattered bokeh]]
[2022.03.20-20.57.59:704][  0]LogConfig: Setting CVar [[r.DOF.Recombine.Quality:1                ; cheap slight out of focus]]
[2022.03.20-20.57.59:704][  0]LogConfig: Setting CVar [[r.DOF.Recombine.EnableBokehSettings:0    ; no bokeh simulation on slight out of focus]]
[2022.03.20-20.57.59:704][  0]LogConfig: Setting CVar [[r.DOF.TemporalAAQuality:1                ; more stable temporal accumulation]]
[2022.03.20-20.57.59:704][  0]LogConfig: Setting CVar [[r.DOF.Kernel.MaxForegroundRadius:0.025]]
[2022.03.20-20.57.59:704][  0]LogConfig: Setting CVar [[r.DOF.Kernel.MaxBackgroundRadius:0.025]]
[2022.03.20-20.57.59:704][  0]LogConfig: Applying CVar settings from Section [TextureQuality@3] File [C:/Users/Lenovo/Documents/Unreal Projects/GANGtwo/Saved/Config/Windows/Scalability.ini]
[2022.03.20-20.57.59:705][  0]LogConfig: Setting CVar [[r.Streaming.MipBias:0]]
[2022.03.20-20.57.59:705][  0]LogConfig: Setting CVar [[r.Streaming.AmortizeCPUToGPUCopy:0]]
[2022.03.20-20.57.59:705][  0]LogConfig: Setting CVar [[r.Streaming.MaxNumTexturesToStreamPerFrame:0]]
[2022.03.20-20.57.59:705][  0]LogConfig: Setting CVar [[r.Streaming.Boost:1]]
[2022.03.20-20.57.59:705][  0]LogConfig: Setting CVar [[r.MaxAnisotropy:8]]
[2022.03.20-20.57.59:705][  0]LogConfig: Setting CVar [[r.VT.MaxAnisotropy:8]]
[2022.03.20-20.57.59:705][  0]LogConfig: Setting CVar [[r.Streaming.LimitPoolSizeToVRAM:0]]
[2022.03.20-20.57.59:705][  0]LogConfig: Setting CVar [[r.Streaming.PoolSize:1000]]
[2022.03.20-20.57.59:705][  0]LogConfig: Setting CVar [[r.Streaming.MaxEffectiveScreenSize:0]]
[2022.03.20-20.57.59:705][  0]LogConfig: Applying CVar settings from Section [EffectsQuality@3] File [C:/Users/Lenovo/Documents/Unreal Projects/GANGtwo/Saved/Config/Windows/Scalability.ini]
[2022.03.20-20.57.59:705][  0]LogConfig: Setting CVar [[r.TranslucencyLightingVolumeDim:64]]
[2022.03.20-20.57.59:705][  0]LogConfig: Setting CVar [[r.RefractionQuality:2]]
[2022.03.20-20.57.59:705][  0]LogConfig: Setting CVar [[r.SSR.Quality:3]]
[2022.03.20-20.57.59:706][  0]LogConfig: Setting CVar [[r.SSR.HalfResSceneColor:0]]
[2022.03.20-20.57.59:706][  0]LogConfig: Setting CVar [[r.SceneColorFormat:4]]
[2022.03.20-20.57.59:706][  0]LogConfig: Setting CVar [[r.DetailMode:2]]
[2022.03.20-20.57.59:706][  0]LogConfig: Setting CVar [[r.TranslucencyVolumeBlur:1]]
[2022.03.20-20.57.59:706][  0]LogConfig: Setting CVar [[r.MaterialQualityLevel:1 ; High quality]]
[2022.03.20-20.57.59:706][  0]LogConfig: Setting CVar [[r.AnisotropicMaterials:1]]
[2022.03.20-20.57.59:706][  0]LogConfig: Setting CVar [[r.SSS.Scale:1]]
[2022.03.20-20.57.59:706][  0]LogConfig: Setting CVar [[r.SSS.SampleSet:2]]
[2022.03.20-20.57.59:706][  0]LogConfig: Setting CVar [[r.SSS.Quality:1]]
[2022.03.20-20.57.59:706][  0]LogConfig: Setting CVar [[r.SSS.HalfRes:0]]
[2022.03.20-20.57.59:706][  0]LogConfig: Setting CVar [[r.SSGI.Quality:3]]
[2022.03.20-20.57.59:706][  0]LogConfig: Setting CVar [[r.EmitterSpawnRateScale:1.0]]
[2022.03.20-20.57.59:706][  0]LogConfig: Setting CVar [[r.ParticleLightQuality:2]]
[2022.03.20-20.57.59:706][  0]LogConfig: Setting CVar [[r.SkyAtmosphere.AerialPerspectiveLUT.FastApplyOnOpaque:1 ; Always have FastSkyLUT 1 in this case to avoid wrong sky]]
[2022.03.20-20.57.59:706][  0]LogConfig: Setting CVar [[r.SkyAtmosphere.AerialPerspectiveLUT.SampleCountMaxPerSlice:4]]
[2022.03.20-20.57.59:707][  0]LogConfig: Setting CVar [[r.SkyAtmosphere.AerialPerspectiveLUT.DepthResolution:16.0]]
[2022.03.20-20.57.59:707][  0]LogConfig: Setting CVar [[r.SkyAtmosphere.FastSkyLUT:1]]
[2022.03.20-20.57.59:707][  0]LogConfig: Setting CVar [[r.SkyAtmosphere.FastSkyLUT.SampleCountMin:4.0]]
[2022.03.20-20.57.59:707][  0]LogConfig: Setting CVar [[r.SkyAtmosphere.FastSkyLUT.SampleCountMax:128.0]]
[2022.03.20-20.57.59:707][  0]LogConfig: Setting CVar [[r.SkyAtmosphere.SampleCountMin:4.0]]
[2022.03.20-20.57.59:707][  0]LogConfig: Setting CVar [[r.SkyAtmosphere.SampleCountMax:128.0]]
[2022.03.20-20.57.59:707][  0]LogConfig: Setting CVar [[r.SkyAtmosphere.TransmittanceLUT.UseSmallFormat:0]]
[2022.03.20-20.57.59:707][  0]LogConfig: Setting CVar [[r.SkyAtmosphere.TransmittanceLUT.SampleCount:10.0]]
[2022.03.20-20.57.59:707][  0]LogConfig: Setting CVar [[r.SkyAtmosphere.MultiScatteringLUT.SampleCount:15.0]]
[2022.03.20-20.57.59:707][  0]LogConfig: Setting CVar [[r.SkyLight.RealTimeReflectionCapture:1]]
[2022.03.20-20.57.59:707][  0]LogConfig: Applying CVar settings from Section [FoliageQuality@3] File [C:/Users/Lenovo/Documents/Unreal Projects/GANGtwo/Saved/Config/Windows/Scalability.ini]
[2022.03.20-20.57.59:707][  0]LogConfig: Setting CVar [[foliage.DensityScale:1.0]]
[2022.03.20-20.57.59:707][  0]LogConfig: Setting CVar [[grass.DensityScale:1.0]]
[2022.03.20-20.57.59:707][  0]LogConfig: Applying CVar settings from Section [ShadingQuality@3] File [C:/Users/Lenovo/Documents/Unreal Projects/GANGtwo/Saved/Config/Windows/Scalability.ini]
[2022.03.20-20.57.59:708][  0]LogConfig: Setting CVar [[r.HairStrands.SkyLighting.IntegrationType:2]]
[2022.03.20-20.57.59:708][  0]LogConfig: Setting CVar [[r.HairStrands.SkyAO.SampleCount:4]]
[2022.03.20-20.57.59:708][  0]LogConfig: Setting CVar [[r.HairStrands.Visibility.MSAA.SamplePerPixel:4]]
[2022.03.20-20.57.59:708][  0]LogInit: Selected Device Profile: [Windows]
[2022.03.20-20.57.59:708][  0]LogInit: Applying CVar settings loaded from the selected device profile: [Windows]
[2022.03.20-20.57.59:708][  0]LogHAL: Display: Platform has ~ 16 GB [17054289920 / 17179869184 / 16], which maps to Larger [LargestMinGB=32, LargerMinGB=12, DefaultMinGB=8, SmallerMinGB=6, SmallestMinGB=0)
[2022.03.20-20.57.59:708][  0]LogInit: Going up to parent DeviceProfile []
[2022.03.20-20.57.59:708][  0]LogConfig: Applying CVar settings from Section [ViewDistanceQuality@3] File [C:/Users/Lenovo/Documents/Unreal Projects/GANGtwo/Saved/Config/Windows/Scalability.ini]
[2022.03.20-20.57.59:708][  0]LogConfig: Setting CVar [[r.SkeletalMeshLODBias:0]]
[2022.03.20-20.57.59:708][  0]LogConfig: Setting CVar [[r.ViewDistanceScale:1.0]]
[2022.03.20-20.57.59:708][  0]LogConfig: Applying CVar settings from Section [AntiAliasingQuality@3] File [C:/Users/Lenovo/Documents/Unreal Projects/GANGtwo/Saved/Config/Windows/Scalability.ini]
[2022.03.20-20.57.59:709][  0]LogConfig: Setting CVar [[r.PostProcessAAQuality:4]]
[2022.03.20-20.57.59:709][  0]LogConfig: Applying CVar settings from Section [ShadowQuality@3] File [C:/Users/Lenovo/Documents/Unreal Projects/GANGtwo/Saved/Config/Windows/Scalability.ini]
[2022.03.20-20.57.59:709][  0]LogConfig: Setting CVar [[r.LightFunctionQuality:1]]
[2022.03.20-20.57.59:709][  0]LogConfig: Setting CVar [[r.ShadowQuality:5]]
[2022.03.20-20.57.59:709][  0]LogConfig: Setting CVar [[r.Shadow.CSM.MaxCascades:10]]
[2022.03.20-20.57.59:709][  0]LogConfig: Setting CVar [[r.Shadow.MaxResolution:2048]]
[2022.03.20-20.57.59:709][  0]LogConfig: Setting CVar [[r.Shadow.MaxCSMResolution:2048]]
[2022.03.20-20.57.59:709][  0]LogConfig: Setting CVar [[r.Shadow.RadiusThreshold:0.01]]
[2022.03.20-20.57.59:709][  0]LogConfig: Setting CVar [[r.Shadow.DistanceScale:1.0]]
[2022.03.20-20.57.59:709][  0]LogConfig: Setting CVar [[r.Shadow.CSM.TransitionScale:1.0]]
[2022.03.20-20.57.59:709][  0]LogConfig: Setting CVar [[r.Shadow.PreShadowResolutionFactor:1.0]]
[2022.03.20-20.57.59:709][  0]LogConfig: Setting CVar [[r.DistanceFieldShadowing:1]]
[2022.03.20-20.57.59:709][  0]LogConfig: Setting CVar [[r.DistanceFieldAO:1]]
[2022.03.20-20.57.59:710][  0]LogConfig: Setting CVar [[r.AOQuality:2]]
[2022.03.20-20.57.59:710][  0]LogConfig: Setting CVar [[r.VolumetricFog:1]]
[2022.03.20-20.57.59:710][  0]LogConfig: Setting CVar [[r.VolumetricFog.GridPixelSize:8]]
[2022.03.20-20.57.59:710][  0]LogConfig: Setting CVar [[r.VolumetricFog.GridSizeZ:128]]
[2022.03.20-20.57.59:710][  0]LogConfig: Setting CVar [[r.VolumetricFog.HistoryMissSupersampleCount:4]]
[2022.03.20-20.57.59:710][  0]LogConfig: Setting CVar [[r.LightMaxDrawDistanceScale:1]]
[2022.03.20-20.57.59:710][  0]LogConfig: Setting CVar [[r.CapsuleShadows:1]]
[2022.03.20-20.57.59:710][  0]LogConfig: Applying CVar settings from Section [PostProcessQuality@3] File [C:/Users/Lenovo/Documents/Unreal Projects/GANGtwo/Saved/Config/Windows/Scalability.ini]
[2022.03.20-20.57.59:710][  0]LogConfig: Setting CVar [[r.MotionBlurQuality:4]]
[2022.03.20-20.57.59:710][  0]LogConfig: Setting CVar [[r.AmbientOcclusionMipLevelFactor:0.4]]
[2022.03.20-20.57.59:710][  0]LogConfig: Setting CVar [[r.AmbientOcclusionMaxQuality:100]]
[2022.03.20-20.57.59:710][  0]LogConfig: Setting CVar [[r.AmbientOcclusionLevels:-1]]
[2022.03.20-20.57.59:710][  0]LogConfig: Setting CVar [[r.AmbientOcclusionRadiusScale:1.0]]
[2022.03.20-20.57.59:711][  0]LogConfig: Setting CVar [[r.DepthOfFieldQuality:2]]
[2022.03.20-20.57.59:711][  0]LogConfig: Setting CVar [[r.RenderTargetPoolMin:400]]
[2022.03.20-20.57.59:711][  0]LogConfig: Setting CVar [[r.LensFlareQuality:2]]
[2022.03.20-20.57.59:711][  0]LogConfig: Setting CVar [[r.SceneColorFringeQuality:1]]
[2022.03.20-20.57.59:711][  0]LogConfig: Setting CVar [[r.EyeAdaptationQuality:2]]
[2022.03.20-20.57.59:711][  0]LogConfig: Setting CVar [[r.BloomQuality:5]]
[2022.03.20-20.57.59:711][  0]LogConfig: Setting CVar [[r.FastBlurThreshold:100]]
[2022.03.20-20.57.59:711][  0]LogConfig: Setting CVar [[r.Upscale.Quality:3]]
[2022.03.20-20.57.59:711][  0]LogConfig: Setting CVar [[r.Tonemapper.GrainQuantization:1]]
[2022.03.20-20.57.59:711][  0]LogConfig: Setting CVar [[r.LightShaftQuality:1]]
[2022.03.20-20.57.59:711][  0]LogConfig: Setting CVar [[r.Filter.SizeScale:1]]
[2022.03.20-20.57.59:711][  0]LogConfig: Setting CVar [[r.Tonemapper.Quality:5]]
[2022.03.20-20.57.59:711][  0]LogConfig: Setting CVar [[r.DOF.Gather.AccumulatorQuality:1        ; higher gathering accumulator quality]]
[2022.03.20-20.57.59:711][  0]LogConfig: Setting CVar [[r.DOF.Gather.PostfilterMethod:1          ; Median3x3 postfilering method]]
[2022.03.20-20.57.59:711][  0]LogConfig: Setting CVar [[r.DOF.Gather.EnableBokehSettings:0       ; no bokeh simulation when gathering]]
[2022.03.20-20.57.59:712][  0]LogConfig: Setting CVar [[r.DOF.Gather.RingCount:4                 ; medium number of samples when gathering]]
[2022.03.20-20.57.59:712][  0]LogConfig: Setting CVar [[r.DOF.Scatter.ForegroundCompositing:1    ; additive foreground scattering]]
[2022.03.20-20.57.59:712][  0]LogConfig: Setting CVar [[r.DOF.Scatter.BackgroundCompositing:2    ; additive background scattering]]
[2022.03.20-20.57.59:712][  0]LogConfig: Setting CVar [[r.DOF.Scatter.EnableBokehSettings:1      ; bokeh simulation when scattering]]
[2022.03.20-20.57.59:712][  0]LogConfig: Setting CVar [[r.DOF.Scatter.MaxSpriteRatio:0.1         ; only a maximum of 10% of scattered bokeh]]
[2022.03.20-20.57.59:712][  0]LogConfig: Setting CVar [[r.DOF.Recombine.Quality:1                ; cheap slight out of focus]]
[2022.03.20-20.57.59:712][  0]LogConfig: Setting CVar [[r.DOF.Recombine.EnableBokehSettings:0    ; no bokeh simulation on slight out of focus]]
[2022.03.20-20.57.59:712][  0]LogConfig: Setting CVar [[r.DOF.TemporalAAQuality:1                ; more stable temporal accumulation]]
[2022.03.20-20.57.59:712][  0]LogConfig: Setting CVar [[r.DOF.Kernel.MaxForegroundRadius:0.025]]
[2022.03.20-20.57.59:712][  0]LogConfig: Setting CVar [[r.DOF.Kernel.MaxBackgroundRadius:0.025]]
[2022.03.20-20.57.59:712][  0]LogConfig: Applying CVar settings from Section [TextureQuality@3] File [C:/Users/Lenovo/Documents/Unreal Projects/GANGtwo/Saved/Config/Windows/Scalability.ini]
[2022.03.20-20.57.59:712][  0]LogConfig: Setting CVar [[r.Streaming.MipBias:0]]
[2022.03.20-20.57.59:713][  0]LogConfig: Setting CVar [[r.Streaming.AmortizeCPUToGPUCopy:0]]
[2022.03.20-20.57.59:713][  0]LogConfig: Setting CVar [[r.Streaming.MaxNumTexturesToStreamPerFrame:0]]
[2022.03.20-20.57.59:713][  0]LogConfig: Setting CVar [[r.Streaming.Boost:1]]
[2022.03.20-20.57.59:713][  0]LogConfig: Setting CVar [[r.MaxAnisotropy:8]]
[2022.03.20-20.57.59:713][  0]LogConfig: Setting CVar [[r.VT.MaxAnisotropy:8]]
[2022.03.20-20.57.59:713][  0]LogConfig: Setting CVar [[r.Streaming.LimitPoolSizeToVRAM:0]]
[2022.03.20-20.57.59:713][  0]LogConfig: Setting CVar [[r.Streaming.PoolSize:1000]]
[2022.03.20-20.57.59:713][  0]LogConfig: Setting CVar [[r.Streaming.MaxEffectiveScreenSize:0]]
[2022.03.20-20.57.59:713][  0]LogConfig: Applying CVar settings from Section [EffectsQuality@3] File [C:/Users/Lenovo/Documents/Unreal Projects/GANGtwo/Saved/Config/Windows/Scalability.ini]
[2022.03.20-20.57.59:713][  0]LogConfig: Setting CVar [[r.TranslucencyLightingVolumeDim:64]]
[2022.03.20-20.57.59:713][  0]LogConfig: Setting CVar [[r.RefractionQuality:2]]
[2022.03.20-20.57.59:713][  0]LogConfig: Setting CVar [[r.SSR.Quality:3]]
[2022.03.20-20.57.59:713][  0]LogConfig: Setting CVar [[r.SSR.HalfResSceneColor:0]]
[2022.03.20-20.57.59:713][  0]LogConfig: Setting CVar [[r.SceneColorFormat:4]]
[2022.03.20-20.57.59:714][  0]LogConfig: Setting CVar [[r.DetailMode:2]]
[2022.03.20-20.57.59:714][  0]LogConfig: Setting CVar [[r.TranslucencyVolumeBlur:1]]
[2022.03.20-20.57.59:714][  0]LogConfig: Setting CVar [[r.MaterialQualityLevel:1 ; High quality]]
[2022.03.20-20.57.59:714][  0]LogConfig: Setting CVar [[r.AnisotropicMaterials:1]]
[2022.03.20-20.57.59:714][  0]LogConfig: Setting CVar [[r.SSS.Scale:1]]
[2022.03.20-20.57.59:714][  0]LogConfig: Setting CVar [[r.SSS.SampleSet:2]]
[2022.03.20-20.57.59:714][  0]LogConfig: Setting CVar [[r.SSS.Quality:1]]
[2022.03.20-20.57.59:714][  0]LogConfig: Setting CVar [[r.SSS.HalfRes:0]]
[2022.03.20-20.57.59:714][  0]LogConfig: Setting CVar [[r.SSGI.Quality:3]]
[2022.03.20-20.57.59:714][  0]LogConfig: Setting CVar [[r.EmitterSpawnRateScale:1.0]]
[2022.03.20-20.57.59:714][  0]LogConfig: Setting CVar [[r.ParticleLightQuality:2]]
[2022.03.20-20.57.59:714][  0]LogConfig: Setting CVar [[r.SkyAtmosphere.AerialPerspectiveLUT.FastApplyOnOpaque:1 ; Always have FastSkyLUT 1 in this case to avoid wrong sky]]
[2022.03.20-20.57.59:714][  0]LogConfig: Setting CVar [[r.SkyAtmosphere.AerialPerspectiveLUT.SampleCountMaxPerSlice:4]]
[2022.03.20-20.57.59:715][  0]LogConfig: Setting CVar [[r.SkyAtmosphere.AerialPerspectiveLUT.DepthResolution:16.0]]
[2022.03.20-20.57.59:715][  0]LogConfig: Setting CVar [[r.SkyAtmosphere.FastSkyLUT:1]]
[2022.03.20-20.57.59:715][  0]LogConfig: Setting CVar [[r.SkyAtmosphere.FastSkyLUT.SampleCountMin:4.0]]
[2022.03.20-20.57.59:715][  0]LogConfig: Setting CVar [[r.SkyAtmosphere.FastSkyLUT.SampleCountMax:128.0]]
[2022.03.20-20.57.59:715][  0]LogConfig: Setting CVar [[r.SkyAtmosphere.SampleCountMin:4.0]]
[2022.03.20-20.57.59:715][  0]LogConfig: Setting CVar [[r.SkyAtmosphere.SampleCountMax:128.0]]
[2022.03.20-20.57.59:716][  0]LogConfig: Setting CVar [[r.SkyAtmosphere.TransmittanceLUT.UseSmallFormat:0]]
[2022.03.20-20.57.59:716][  0]LogConfig: Setting CVar [[r.SkyAtmosphere.TransmittanceLUT.SampleCount:10.0]]
[2022.03.20-20.57.59:716][  0]LogConfig: Setting CVar [[r.SkyAtmosphere.MultiScatteringLUT.SampleCount:15.0]]
[2022.03.20-20.57.59:716][  0]LogConfig: Setting CVar [[r.SkyLight.RealTimeReflectionCapture:1]]
[2022.03.20-20.57.59:716][  0]LogConfig: Applying CVar settings from Section [FoliageQuality@3] File [C:/Users/Lenovo/Documents/Unreal Projects/GANGtwo/Saved/Config/Windows/Scalability.ini]
[2022.03.20-20.57.59:716][  0]LogConfig: Setting CVar [[foliage.DensityScale:1.0]]
[2022.03.20-20.57.59:716][  0]LogConfig: Setting CVar [[grass.DensityScale:1.0]]
[2022.03.20-20.57.59:716][  0]LogConfig: Applying CVar settings from Section [ShadingQuality@3] File [C:/Users/Lenovo/Documents/Unreal Projects/GANGtwo/Saved/Config/Windows/Scalability.ini]
[2022.03.20-20.57.59:716][  0]LogConfig: Setting CVar [[r.HairStrands.SkyLighting.IntegrationType:2]]
[2022.03.20-20.57.59:716][  0]LogConfig: Setting CVar [[r.HairStrands.SkyAO.SampleCount:4]]
[2022.03.20-20.57.59:716][  0]LogConfig: Setting CVar [[r.HairStrands.Visibility.MSAA.SamplePerPixel:4]]
[2022.03.20-20.57.59:716][  0]LogConfig: Applying CVar settings from Section [Startup] File [../../../Engine/Config/ConsoleVariables.ini]
[2022.03.20-20.57.59:717][  0]LogConfig: Setting CVar [[net.UseAdaptiveNetUpdateFrequency:0]]
[2022.03.20-20.57.59:717][  0]LogConfig: Setting CVar [[p.chaos.AllowCreatePhysxBodies:1]]
[2022.03.20-20.57.59:717][  0]LogConfig: Setting CVar [[fx.SkipVectorVMBackendOptimizations:1]]
[2022.03.20-20.57.59:717][  0]LogConfig: Applying CVar settings from Section [ConsoleVariables] File [C:/Users/Lenovo/Documents/Unreal Projects/GANGtwo/Saved/Config/Windows/Engine.ini]
[2022.03.20-20.57.59:717][  0]LogConfig: Applying CVar settings from Section [ConsoleVariables] File [C:/Users/Lenovo/Documents/Unreal Projects/GANGtwo/Saved/Config/Windows/Editor.ini]
[2022.03.20-20.57.59:717][  0]LogInit: Computer: LAPTOP-47RANI4K
[2022.03.20-20.57.59:717][  0]LogInit: User: Lenovo
[2022.03.20-20.57.59:718][  0]LogInit: CPU Page size=4096, Cores=4
[2022.03.20-20.57.59:718][  0]LogInit: High frequency timer resolution =10.000000 MHz
[2022.03.20-20.57.59:718][  0]LogMemory: Memory total: Physical=15.9GB (16GB approx)
[2022.03.20-20.57.59:718][  0]LogMemory: Platform Memory Stats for Windows
[2022.03.20-20.57.59:718][  0]LogMemory: Process Physical Memory: 141.29 MB used, 141.30 MB peak
[2022.03.20-20.57.59:718][  0]LogMemory: Process Virtual Memory: 122.30 MB used, 122.30 MB peak
[2022.03.20-20.57.59:718][  0]LogMemory: Physical Memory: 13246.08 MB used,  3018.16 MB free, 16264.24 MB total
[2022.03.20-20.57.59:718][  0]LogMemory: Virtual Memory: 134212816.00 MB used,  4915.47 MB free, 134217728.00 MB total
[2022.03.20-20.57.59:735][  0]LogWindows: WindowsPlatformFeatures enabled
[2022.03.20-20.57.59:984][  0]LogInit: Physics initialised using underlying interface: PhysX
[2022.03.20-20.57.59:985][  0]LogInit: Using OS detected language (ru-RU).
[2022.03.20-20.57.59:986][  0]LogInit: Using OS detected locale (ru-RU).
[2022.03.20-20.57.59:989][  0]LogTextLocalizationManager: No specific localization for 'ru-RU' exists, so the 'ru' localization will be used.
[2022.03.20-20.57.59:989][  0]LogTextLocalizationResource: LocRes '../../../Engine/Content/Localization/Editor/ru/Editor.locres' could not be opened for reading!
[2022.03.20-20.57.59:989][  0]LogTextLocalizationResource: LocRes '../../../Engine/Content/Localization/EditorTutorials/ru/EditorTutorials.locres' could not be opened for reading!
[2022.03.20-20.57.59:990][  0]LogTextLocalizationResource: LocRes '../../../Engine/Content/Localization/Keywords/ru/Keywords.locres' could not be opened for reading!
[2022.03.20-20.57.59:990][  0]LogTextLocalizationResource: LocRes '../../../Engine/Content/Localization/Category/ru/Category.locres' could not be opened for reading!
[2022.03.20-20.57.59:990][  0]LogTextLocalizationResource: LocRes '../../../Engine/Content/Localization/ToolTips/ru/ToolTips.locres' could not be opened for reading!
[2022.03.20-20.57.59:990][  0]LogTextLocalizationResource: LocRes '../../../Engine/Content/Localization/PropertyNames/ru/PropertyNames.locres' could not be opened for reading!
[2022.03.20-20.57.59:990][  0]LogTextLocalizationResource: LocRes '../../../Engine/Content/Localization/Engine/ru/Engine.locres' could not be opened for reading!
[2022.03.20-20.57.59:991][  0]LogInit: Setting process to per monitor DPI aware
[2022.03.20-20.58.00:044][  0]LogWindowsTextInputMethodSystem: Display: IME system deactivated.
[2022.03.20-20.58.00:080][  0]LogSlate: New Slate User Created.  User Index 0, Is Virtual User: 0
[2022.03.20-20.58.00:080][  0]LogSlate: Slate User Registered.  User Index 0, Is Virtual User: 0
[2022.03.20-20.58.00:264][  0]LogD3D11RHI: Loaded GFSDK_Aftermath_Lib.x64.dll
[2022.03.20-20.58.00:318][  0]LogHMD: Failed to initialize OpenVR with code 110
[2022.03.20-20.58.00:319][  0]LogD3D11RHI: D3D11 min allowed feature level: 11_0
[2022.03.20-20.58.00:319][  0]LogD3D11RHI: D3D11 max allowed feature level: 11_0
[2022.03.20-20.58.00:319][  0]LogD3D11RHI: D3D11 adapters:
[2022.03.20-20.58.00:499][  0]LogD3D11RHI:    0. 'NVIDIA GeForce GTX 1650' (Feature Level 11_0)
[2022.03.20-20.58.00:500][  0]LogD3D11RHI:       3962/0/8132 MB DedicatedVideo/DedicatedSystem/SharedSystem, Outputs:1, VendorId:0x10de
[2022.03.20-20.58.00:568][  0]LogD3D11RHI:    1. 'Intel(R) UHD Graphics 630' (Feature Level 11_0)
[2022.03.20-20.58.00:568][  0]LogD3D11RHI:       128/0/8132 MB DedicatedVideo/DedicatedSystem/SharedSystem, Outputs:0, VendorId:0x8086
[2022.03.20-20.58.00:578][  0]LogD3D11RHI:    2. 'Microsoft Basic Render Driver' (Feature Level 11_0)
[2022.03.20-20.58.00:578][  0]LogD3D11RHI:       0/0/8132 MB DedicatedVideo/DedicatedSystem/SharedSystem, Outputs:0, VendorId:0x1414
[2022.03.20-20.58.00:579][  0]LogD3D11RHI: Chosen D3D11 Adapter:
[2022.03.20-20.58.00:579][  0]LogD3D11RHI:     Description : NVIDIA GeForce GTX 1650
[2022.03.20-20.58.00:579][  0]LogD3D11RHI:     VendorId    : 10de
[2022.03.20-20.58.00:579][  0]LogD3D11RHI:     DeviceId    : 1f91
[2022.03.20-20.58.00:579][  0]LogD3D11RHI:     SubSysId    : 3a2e17aa
[2022.03.20-20.58.00:579][  0]LogD3D11RHI:     Revision    : 00a1
[2022.03.20-20.58.00:579][  0]LogD3D11RHI:     DedicatedVideoMemory : 4154458112 bytes
[2022.03.20-20.58.00:579][  0]LogD3D11RHI:     DedicatedSystemMemory : 0 bytes
[2022.03.20-20.58.00:579][  0]LogD3D11RHI:     SharedSystemMemory : 8527144960 bytes
[2022.03.20-20.58.00:579][  0]LogD3D11RHI:     AdapterLuid : 0 83119
[2022.03.20-20.58.00:588][  0]LogD3D11RHI: Creating new Direct3DDevice
[2022.03.20-20.58.00:588][  0]LogD3D11RHI:     GPU DeviceId: 0x1f91 (for the marketing name, search the web for "GPU Device Id")
[2022.03.20-20.58.00:588][  0]LogWindows: EnumDisplayDevices:
[2022.03.20-20.58.00:588][  0]LogWindows:    0. 'Intel(R) UHD Graphics 630' (P:1 D:1)
[2022.03.20-20.58.00:589][  0]LogWindows:    1. 'Intel(R) UHD Graphics 630' (P:0 D:0)
[2022.03.20-20.58.00:589][  0]LogWindows:    2. 'Intel(R) UHD Graphics 630' (P:0 D:0)
[2022.03.20-20.58.00:590][  0]LogWindows:    3. 'NVIDIA GeForce GTX 1650' (P:0 D:0)
[2022.03.20-20.58.00:590][  0]LogWindows: DebugString: PrimaryIsNotTheChoosenAdapter PrimaryIsNotTheChoosenAdapter PrimaryIsNotTheChoosenAdapter 
[2022.03.20-20.58.00:590][  0]LogD3D11RHI:     Adapter Name: NVIDIA GeForce GTX 1650
[2022.03.20-20.58.00:590][  0]LogD3D11RHI:   Driver Version: 511.79 (internal:30.0.15.1179, unified:511.79)
[2022.03.20-20.58.00:590][  0]LogD3D11RHI:      Driver Date: 2-10-2022
[2022.03.20-20.58.00:590][  0]LogRHI: Texture pool is 2773 MB (70% of 3962 MB)
[2022.03.20-20.58.00:590][  0]LogD3D11RHI: Creating D3DDevice using adapter:
[2022.03.20-20.58.00:590][  0]LogD3D11RHI:     Description : NVIDIA GeForce GTX 1650
[2022.03.20-20.58.00:590][  0]LogD3D11RHI:     VendorId    : 10de
[2022.03.20-20.58.00:591][  0]LogD3D11RHI:     DeviceId    : 1f91
[2022.03.20-20.58.00:591][  0]LogD3D11RHI:     SubSysId    : 3a2e17aa
[2022.03.20-20.58.00:591][  0]LogD3D11RHI:     Revision    : 00a1
[2022.03.20-20.58.00:591][  0]LogD3D11RHI:     DedicatedVideoMemory : 4154458112 bytes
[2022.03.20-20.58.00:591][  0]LogD3D11RHI:     DedicatedSystemMemory : 0 bytes
[2022.03.20-20.58.00:591][  0]LogD3D11RHI:     SharedSystemMemory : 8527144960 bytes
[2022.03.20-20.58.00:591][  0]LogD3D11RHI:     AdapterLuid : 0 83119
[2022.03.20-20.58.00:674][  0]LogD3D11RHI: RHI has support for 64 bit atomics
[2022.03.20-20.58.00:675][  0]LogD3D11RHI: Async texture creation enabled
[2022.03.20-20.58.00:675][  0]LogD3D11RHI: Array index from any shader is supported
[2022.03.20-20.58.00:689][  0]LogD3D11RHI: GPU Timing Frequency: 1000.000000 (Debug: 2 1)
[2022.03.20-20.58.00:766][  0]LogRHI: GeForceNow SDK initialized: 1
[2022.03.20-20.58.01:136][  0]LogTargetPlatformManager: Display: Loaded TargetPlatform 'AllDesktop'
[2022.03.20-20.58.01:166][  0]LogTargetPlatformManager: Display: Loaded TargetPlatform 'Android'
[2022.03.20-20.58.01:166][  0]LogTargetPlatformManager: Display: Loaded TargetPlatform 'Android_ASTC'
[2022.03.20-20.58.01:166][  0]LogTargetPlatformManager: Display: Loaded TargetPlatform 'Android_DXT'
[2022.03.20-20.58.01:166][  0]LogTargetPlatformManager: Display: Loaded TargetPlatform 'Android_ETC2'
[2022.03.20-20.58.01:167][  0]LogTargetPlatformManager: Display: Loaded TargetPlatform 'AndroidClient'
[2022.03.20-20.58.01:167][  0]LogTargetPlatformManager: Display: Loaded TargetPlatform 'Android_ASTCClient'
[2022.03.20-20.58.01:167][  0]LogTargetPlatformManager: Display: Loaded TargetPlatform 'Android_DXTClient'
[2022.03.20-20.58.01:167][  0]LogTargetPlatformManager: Display: Loaded TargetPlatform 'Android_ETC2Client'
[2022.03.20-20.58.01:167][  0]LogTargetPlatformManager: Display: Loaded TargetPlatform 'Android_Multi'
[2022.03.20-20.58.01:167][  0]LogTargetPlatformManager: Display: Loaded TargetPlatform 'Android_MultiClient'
[2022.03.20-20.58.01:203][  0]LogTargetPlatformManager: Display: Loaded TargetPlatform 'IOSClient'
[2022.03.20-20.58.01:204][  0]LogTargetPlatformManager: Display: Loaded TargetPlatform 'IOS'
[2022.03.20-20.58.01:220][  0]LogTargetPlatformManager: Display: Loaded TargetPlatform 'Linux'
[2022.03.20-20.58.01:231][  0]LogTargetPlatformManager: Display: Loaded TargetPlatform 'LinuxNoEditor'
[2022.03.20-20.58.01:242][  0]LogTargetPlatformManager: Display: Loaded TargetPlatform 'LinuxClient'
[2022.03.20-20.58.01:252][  0]LogTargetPlatformManager: Display: Loaded TargetPlatform 'LinuxServer'
[2022.03.20-20.58.01:268][  0]LogTargetPlatformManager: Display: Loaded TargetPlatform 'LinuxAArch64NoEditor'
[2022.03.20-20.58.01:279][  0]LogTargetPlatformManager: Display: Loaded TargetPlatform 'LinuxAArch64Client'
[2022.03.20-20.58.01:289][  0]LogTargetPlatformManager: Display: Loaded TargetPlatform 'LinuxAArch64Server'
[2022.03.20-20.58.01:319][  0]LogTargetPlatformManager: Display: Loaded TargetPlatform 'Lumin'
[2022.03.20-20.58.01:320][  0]LogTargetPlatformManager: Display: Loaded TargetPlatform 'LuminClient'
[2022.03.20-20.58.01:334][  0]LogTargetPlatformManager: Display: Loaded TargetPlatform 'MacNoEditor'
[2022.03.20-20.58.01:346][  0]LogTargetPlatformManager: Display: Loaded TargetPlatform 'Mac'
[2022.03.20-20.58.01:356][  0]LogTargetPlatformManager: Display: Loaded TargetPlatform 'MacClient'
[2022.03.20-20.58.01:366][  0]LogTargetPlatformManager: Display: Loaded TargetPlatform 'MacServer'
[2022.03.20-20.58.01:382][  0]LogTargetPlatformManager: Display: Loaded TargetPlatform 'TVOSClient'
[2022.03.20-20.58.01:382][  0]LogTargetPlatformManager: Display: Loaded TargetPlatform 'TVOS'
[2022.03.20-20.58.01:400][  0]LogTargetPlatformManager: Display: Loaded TargetPlatform 'WindowsNoEditor'
[2022.03.20-20.58.01:410][  0]LogTargetPlatformManager: Display: Loaded TargetPlatform 'Windows'
[2022.03.20-20.58.01:420][  0]LogTargetPlatformManager: Display: Loaded TargetPlatform 'WindowsClient'
[2022.03.20-20.58.01:430][  0]LogTargetPlatformManager: Display: Loaded TargetPlatform 'WindowsServer'
[2022.03.20-20.58.01:431][  0]LogTargetPlatformManager: Display: Building Assets For Windows
[2022.03.20-20.58.01:471][  0]LogAudioDebug: Display: Lib vorbis DLL was dynamically loaded.
[2022.03.20-20.58.01:590][  0]LogTextureFormatOodle: Display: Oodle Texture 2.9.0 init RDO Off
[2022.03.20-20.58.01:706][  0]LogRendererCore: Ray tracing is disabled. Reason: r.RayTracing=0.
[2022.03.20-20.58.01:707][  0]LogShaderCompilers: Guid format shader working directory is -16 characters bigger than the processId version (../../../../../../Users/Lenovo/Documents/Unreal Projects/GANGtwo/Intermediate/Shaders/WorkingDirectory/772/).
[2022.03.20-20.58.01:707][  0]LogShaderCompilers: Cleaned the shader compiler working directory 'C:/Users/Lenovo/AppData/Local/Temp/UnrealShaderWorkingDir/83BE71ED47D905D427C24E88548D9EBA/'.
[2022.03.20-20.58.01:708][  0]LogXGEController: Cannot use XGE Controller as Incredibuild is not installed on this machine.
[2022.03.20-20.58.01:708][  0]LogShaderCompilers: Cannot use XGE Shader Compiler as Incredibuild is not installed on this machine.
[2022.03.20-20.58.01:708][  0]LogShaderCompilers: Display: Using Local Shader Compiler.
[2022.03.20-20.58.02:448][  0]LogDerivedDataCache: Display: Max Cache Size: 512 MB
[2022.03.20-20.58.02:514][  0]LogDerivedDataCache: Loaded boot cache 0.07s 94MB C:/Users/Lenovo/AppData/Local/UnrealEngine/4.27/DerivedDataCache/Boot.ddc.
[2022.03.20-20.58.02:515][  0]LogDerivedDataCache: Display: Loaded Boot cache: C:/Users/Lenovo/AppData/Local/UnrealEngine/4.27/DerivedDataCache/Boot.ddc
[2022.03.20-20.58.02:515][  0]LogDerivedDataCache: FDerivedDataBackendGraph:  Pak pak cache file ../../../../../../Users/Lenovo/Documents/Unreal Projects/GANGtwo/DerivedDataCache/DDC.ddp not found, will not use a pak cache.
[2022.03.20-20.58.02:515][  0]LogDerivedDataCache: Unable to find inner node Pak for hierarchical cache Hierarchy.
[2022.03.20-20.58.02:515][  0]LogDerivedDataCache: FDerivedDataBackendGraph:  CompressedPak pak cache file ../../../../../../Users/Lenovo/Documents/Unreal Projects/GANGtwo/DerivedDataCache/Compressed.ddp not found, will not use a pak cache.
[2022.03.20-20.58.02:515][  0]LogDerivedDataCache: Unable to find inner node CompressedPak for hierarchical cache Hierarchy.
[2022.03.20-20.58.02:530][  0]LogDerivedDataCache: Display: Pak cache opened for reading ../../../Engine/DerivedDataCache/Compressed.ddp.
[2022.03.20-20.58.02:531][  0]LogDerivedDataCache: FDerivedDataBackendGraph:  EnterprisePak pak cache file ../../../Enterprise/DerivedDataCache/Compressed.ddp not found, will not use a pak cache.
[2022.03.20-20.58.02:531][  0]LogDerivedDataCache: Unable to find inner node EnterprisePak for hierarchical cache Hierarchy.
[2022.03.20-20.58.02:537][  0]LogDerivedDataCache: Speed tests for C:/Users/Lenovo/AppData/Local/UnrealEngine/Common/DerivedDataCache took 0.01 seconds
[2022.03.20-20.58.02:538][  0]LogDerivedDataCache: Display: Performance to C:/Users/Lenovo/AppData/Local/UnrealEngine/Common/DerivedDataCache: Latency=0.07ms. RandomReadSpeed=986.30MBs, RandomWriteSpeed=229.86MBs. Assigned SpeedClass 'Local'
[2022.03.20-20.58.02:538][  0]LogDerivedDataCache: Using Local data cache path C:/Users/Lenovo/AppData/Local/UnrealEngine/Common/DerivedDataCache: Writable
[2022.03.20-20.58.02:538][  0]LogDerivedDataCache: Shared data cache path not found in *engine.ini, will not use an Shared cache.
[2022.03.20-20.58.02:538][  0]LogDerivedDataCache: Unable to find inner node Shared for hierarchical cache Hierarchy.
[2022.03.20-20.58.02:585][  0]LogSlate: Using FreeType 2.10.0
[2022.03.20-20.58.02:586][  0]LogSlate: SlateFontServices - WITH_FREETYPE: 1, WITH_HARFBUZZ: 1
[2022.03.20-20.58.02:618][  0]LogAssetRegistry: FAssetRegistry took 0.0029 seconds to start up
[2022.03.20-20.58.02:859][  0]LogInit: Selected Device Profile: [Windows]
[2022.03.20-20.58.02:859][  0]LogInit: Active device profile: [000002636A3E0700][000002636978AD80 49] Windows
[2022.03.20-20.58.02:859][  0]LogInit: Profiles: [000002636A3E0700][000002636978AD80 49] Windows, [000002636A38F700][00000263695A6F00 49] WindowsNoEditor, [000002636A3E3300][00000263693C5080 49] WindowsServer, [000002636A38CF00][00000263693C9200 49] WindowsClient, [000002636A3E3500][00000263693CD380 49] IOS, [000002636A397F00][00000263693D1500 49] iPadAir, [000002636A38FB00][00000263693D5680 49] iPadAir2, [000002636A33C500][00000263693DD940 49] IPadPro, [000002636A33C600][00000263693D9980 49] iPadAir3, [000002636A394100][00000263693E1B00 49] iPadAir4, [000002636A33EC00][00000263693E4100 49] iPadMini2, [000002636A396500][000002635B926280 49] iPadMini3, [000002636A33F400][00000263693E8400 49] iPadMini4, [000002636A394F00][00000263693F8580 49] iPadMini5, [000002636A33BE00][000002636AB8E840 49] iPhone6, [000002636A33BF00][00000263693FC880 49] iPodTouch6, [000002636A3E3900][000002636AB92AC0 49] iPhone7, [000002636A3E2100][00000263695A2B00 49] iPodTouch7, [000002636A338400][000002636AB96C40 49] iPhone5S, [000002636A33FD00][000002636AB9AD80 49] iPhone6Plus, [000002636A3E3400][00000263696AEF00 49] iPhone6S, [000002636A33E000][00000263696B3080 49] iPhone6SPlus, [000002636A3E0900][00000263670E9200 49] iPhone7Plus, [000002636A33CE00][000002635B923380 49] iPhoneSE, [000002636A3E0200][0000026366FDD500 49] iPhone8, [000002636A33E400][0000026366FE1680 49] iPhone8Plus, [000002636A3E1E00][0000026366FE5800 49] iPhoneX, [000002636A33FE00][0000026366FE9980 49] iPhoneXS, [000002636A3E1600][0000026366FEDB00 49] iPhoneXSMax, [000002636A33E500][0000026366FF0100 49] iPhoneXR, [000002636A3E2A00][0000026366FF4280 49] iPhone11, [000002636A33FA00][0000026366FF8400 49] iPhone11Pro, [000002636A3E0F00][00000263696B6580 49] iPhone11ProMax, [000002636A33E300][00000263696BA700 49] iPhoneSE2, [000002636A3E2700][00000263696BE880 49] iPhone12Mini, [000002636A33C700][00000263696C2A00 49] iPhone12, [000002636A3E3100][0000026367016B40 49] iPhone12Pro, [000002636A33F500][00000263696C6C80 49] iPhone12ProMax, [000002636A3E0800][00000263696CADC0 49] iPadPro105, [000002636A33DC00][00000263696CEF00 49] iPadPro129, [000002636A3E0300][00000263696D7080 49] iPadPro97, [000002636A33DD00][00000263696DB200 49] iPadPro2_129, [000002636A3E0C00][00000263696DF380 49] iPad5, [000002636A33F000][00000263696E3500 49] iPad6, [000002636A3E2C00][0000026369517680 49] iPad7, [000002636A33EE00][000002636951B800 49] iPad8, [000002636A3E1800][000002636951F980 49] iPadPro11, [000002636A33DB00][0000026369523B00 49] iPadPro2_11, [000002636A3E1500][0000026369526100 49] iPadPro3_129, [000002636A33E700][000002636952A280 49] iPadPro4_129, [000002636A3E0100][000002636952E400 49] AppleTV, [000002636A33EB00][0000026369532580 49] AppleTV4K, [000002636A3E1B00][0000026369536700 49] TVOS, [000002636A33C900][000002636953A880 49] Mac, [000002636A3E1700][000002636953EA00 49] MacClient, [000002636A33EF00][0000026369542B80 49] MacNoEditor, [000002636A3E0D00][0000026369546D00 49] MacServer, [000002636A33C300][00000263696D2E40 49] Linux, [000002636A3E2E00][000002636954AF80 49] LinuxAArch64, [000002636A33D500][000002636954F0C0 49] LinuxNoEditor, [000002636A3E2400][0000026369557240 49] LinuxAArch64NoEditor, [000002636A33C200][000002636955B3C0 49] LinuxClient, [000002636A3E2D00][000002636955F540 49] LinuxAArch64Client, [000002636A33CC00][00000263695636C0 49] LinuxServer, [000002636A3E0400][0000026369567840 49] LinuxAArch64Server, [000002636A33D000][000002636956B9C0 49] Android, [000002636A397900][000002636956FB40 49] Android_Low, [000002636A339B00][0000026369572140 49] Android_Mid, [000002636A397000][00000263695762C0 49] Android_High, [000002636A33A300][000002636957A440 49] Android_Default, [000002636A396000][000002636957E5C0 49] Android_Adreno4xx, [000002636A338100][0000026369582740 49] Android_Adreno5xx_Low, [000002636A394B00][000002636A7A08C0 49] Android_Adreno5xx, [000002636A339800][000002636A7A4A40 49] Android_Adreno6xx, [000002636A395100][000002636A7A8BC0 49] Android_Adreno6xx_Vulkan, [000002636A338800][000002636A7ACD40 49] Android_Mali_T6xx, [000002636A397600][000002636A7B0EC0 49] Android_Mali_T7xx, [000002636A338D00][0000026369553000 49] Android_Mali_T8xx, [000002636A397C00][000002636A7B5140 49] Android_Mali_G71, [000002636A339500][000002636A7B9280 49] Android_Mali_G72, [000002636A397E00][000002636A7BD3C0 49] Android_Mali_G72_Vulkan, [000002636A33BD00][000002636A7C5540 49] Android_Mali_G76, [000002636A397A00][000002636A7C96C0 49] Android_Mali_G76_Vulkan, [000002636A33B600][000002636A7CD840 49] Android_Mali_G77, [000002636A396200][000002636A7D19C0 49] Android_Mali_G77_Vulkan, [000002636A339200][000002636A7D5B40 49] Android_Mali_G78, [000002636A394A00][000002636A7D8140 49] Android_Mali_G78_Vulkan, [000002636A33B000][000002636A7DC2C0 49] Android_Mali_G710, [000002636A395400][000002636A7E0440 49] Android_Mali_G710_Vulkan, [000002636A338700][000002636A7E45C0 49] Android_Vulkan_SM5, [000002636A395800][000002636A7E8740 49] Android_PowerVR_G6xxx, [000002636A338E00][000002636A7EC8C0 49] Android_PowerVR_GT7xxx, [000002636A394200][000002636A7F0A40 49] Android_PowerVR_GE8xxx, [000002636A338600][000002636A7F4BC0 49] Android_PowerVR_GM9xxx, [000002636A396600][000002636A7F8D40 49] Android_PowerVR_GM9xxx_Vulkan, [000002636A33CF00][000002636A7FCEC0 49] Android_TegraK1, [000002636A396A00][000002636A801040 49] Android_Unknown_Vulkan, [000002636A33CD00][000002636A7C1180 49] Lumin, [000002636A395200][000002636A8052C0 49] Lumin_Desktop, [000002636A33CB00][000002636A809400 49] HoloLens, 
[2022.03.20-20.58.03:054][  0]LogMeshReduction: Using QuadricMeshReduction for automatic static mesh reduction
[2022.03.20-20.58.03:054][  0]LogMeshReduction: Using SimplygonMeshReduction for automatic skeletal mesh reduction
[2022.03.20-20.58.03:054][  0]LogMeshReduction: Using ProxyLODMeshReduction for automatic mesh merging
[2022.03.20-20.58.03:054][  0]LogMeshReduction: No distributed automatic mesh merging module available
[2022.03.20-20.58.03:055][  0]LogMeshMerging: No distributed automatic mesh merging module available
[2022.03.20-20.58.03:076][  0]LogNetVersion: Project2 1.0.0, NetCL: 17155196, EngineNetVer: 17, GameNetVer: 0 (Checksum: 127177334)
[2022.03.20-20.58.03:472][  0]LogTexture: Default maximum texture size for cubemaps generated from long-lat sources has been changed from 512 to unlimited. In order to preserve old behaiour for '/Engine/MapTemplates/Sky/DaylightAmbientCubemap.DaylightAmbientCubemap', its maximum texture size has been explicitly set to 512.
[2022.03.20-20.58.03:531][  0]LogHMD: PokeAHoleMaterial loaded successfully
[2022.03.20-20.58.03:537][  0]LogUObjectArray: 17178 objects as part of root set at end of initial load.
[2022.03.20-20.58.03:537][  0]LogUObjectAllocator: 4302048 out of 0 bytes used by permanent object pool.
[2022.03.20-20.58.03:537][  0]LogUObjectArray: CloseDisregardForGC: 0/0 objects in disregard for GC pool
[2022.03.20-20.58.04:281][  0]LogNiagaraDebuggerClient: Niagara Debugger Client Initialized | Session: C2631B0A4C38F2E8B567A2BE91EB1CEC | Instance: 6DCF06364E104D4E3816F5AC1BB54BB3 (LAPTOP-47RANI4K-772).
[2022.03.20-20.58.04:585][  0]LogPython: Using Python 3.7.7
[2022.03.20-20.58.05:152][  0]LogTcpMessaging: Initializing TcpMessaging bridge
[2022.03.20-20.58.05:164][  0]LogUdpMessaging: Initializing bridge on interface 0.0.0.0:0 to multicast group 230.0.0.1:6666.
[2022.03.20-20.58.05:518][  0]SourceControl: Source control is disabled
[2022.03.20-20.58.05:519][  0]SourceControl: Source control is disabled
[2022.03.20-20.58.05:528][  0]SourceControl: Source control is disabled
[2022.03.20-20.58.05:539][  0]SourceControl: Source control is disabled
[2022.03.20-20.58.05:588][  0]SourceControl: Source control is disabled
[2022.03.20-20.58.05:612][  0]LogUProjectInfo: Found projects:
[2022.03.20-20.58.06:249][  0]LogOpenImageDenoise: OIDN starting up
[2022.03.20-20.58.06:291][  0]LogAndroidPermission: UAndroidPermissionCallbackProxy::GetInstance
[2022.03.20-20.58.06:361][  0]LogAudioCaptureCore: Display: No Audio Capture implementations found. Audio input will be silent.
[2022.03.20-20.58.06:361][  0]LogAudioCaptureCore: Display: No Audio Capture implementations found. Audio input will be silent.
[2022.03.20-20.58.06:763][  0]LogCollectionManager: Loaded 0 collections in 0.001970 seconds
[2022.03.20-20.58.06:814][  0]LogFileCache: Scanning file cache for directory 'C:/Users/Lenovo/Documents/Unreal Projects/GANGtwo/Saved/Collections/' took 0.00s
[2022.03.20-20.58.06:815][  0]LogFileCache: Scanning file cache for directory 'C:/Users/Lenovo/Documents/Unreal Projects/GANGtwo/Content/Developers/Lenovo/Collections/' took 0.00s
[2022.03.20-20.58.06:815][  0]LogFileCache: Scanning file cache for directory 'C:/Users/Lenovo/Documents/Unreal Projects/GANGtwo/Content/Collections/' took 0.00s
[2022.03.20-20.58.06:815][  0]LogOcInput: OculusInput pre-init called
[2022.03.20-20.58.07:105][  0]LogClass: Display: FloatProperty FDamageData::DamageValue is not initialized properly. Module:Project2 File:Public/DamageTarget.h
[2022.03.20-20.58.07:105][  0]LogClass: Warning: ObjectProperty FDamageData::Instigator is not initialized properly. Module:Project2 File:Public/DamageTarget.h
[2022.03.20-20.58.07:106][  0]LogClass: Display: 2 Uninitialized script struct members found including 1 object properties
[2022.03.20-20.58.07:107][  0]LogAutomationTest: Warning: ObjectProperty FDamageData::Instigator is not initialized properly. Module:Project2 File:Public/DamageTarget.h
[2022.03.20-20.58.07:107][  0]LogEngine: Initializing Engine...
[2022.03.20-20.58.07:117][  0]LogHMD: Failed to enumerate extensions. Please check that you have a valid OpenXR runtime installed.
[2022.03.20-20.58.07:117][  0]LogHMD: Failed to initialize OpenVR with code 110
[2022.03.20-20.58.07:117][  0]LogMagicLeap: Warning: VR disabled because ZI is not enabled.  To enable, in the editor, Edit -> Project Settings -> Plugins -> Magic Leap Plugin -> Enable Zero Iteration
[2022.03.20-20.58.07:118][  0]LogStats: UGameplayTagsManager::InitializeManager -  0.000 s
[2022.03.20-20.58.07:244][  0]LogInit: Initializing FReadOnlyCVARCache
[2022.03.20-20.58.07:259][  0]LogAIModule: Creating AISystem for world Untitled
[2022.03.20-20.58.07:276][  0]LogAudio: Display: Initializing Audio Device Manager...
[2022.03.20-20.58.07:284][  0]LogAudio: Display: Loading Default Audio Settings Objects...
[2022.03.20-20.58.07:285][  0]LogAudio: Display: No default SoundConcurrencyObject specified (or failed to load).
[2022.03.20-20.58.07:286][  0]LogAudio: Display: Audio Device Manager Initialized
[2022.03.20-20.58.07:286][  0]LogAudio: Display: Creating Audio Device:                 Id: 1, Scope: Shared, Realtime: True
[2022.03.20-20.58.07:287][  0]LogAudioMixer: Display: Audio Mixer Platform Settings:
[2022.03.20-20.58.07:287][  0]LogAudioMixer: Display: 	Sample Rate:						  48000
[2022.03.20-20.58.07:287][  0]LogAudioMixer: Display: 	Callback Buffer Frame Size Requested: 1024
[2022.03.20-20.58.07:287][  0]LogAudioMixer: Display: 	Callback Buffer Frame Size To Use:	  1024
[2022.03.20-20.58.07:287][  0]LogAudioMixer: Display: 	Number of buffers to queue:			  2
[2022.03.20-20.58.07:287][  0]LogAudioMixer: Display: 	Max Channels (voices):				  32
[2022.03.20-20.58.07:287][  0]LogAudioMixer: Display: 	Number of Async Source Workers:		  0
[2022.03.20-20.58.07:287][  0]LogAudio: Display: AudioDevice MaxSources: 32
[2022.03.20-20.58.07:287][  0]LogAudio: Display: Audio Spatialization Plugin: None (built-in).
[2022.03.20-20.58.07:288][  0]LogAudio: Display: Audio Reverb Plugin: None (built-in).
[2022.03.20-20.58.07:288][  0]LogAudio: Display: Audio Occlusion Plugin: None (built-in).
[2022.03.20-20.58.07:288][  0]LogAudioMixer: Display: Initializing audio mixer.
[2022.03.20-20.58.07:328][  0]LogAudioMixer: Display: 0: FrontLeft
[2022.03.20-20.58.07:328][  0]LogAudioMixer: Display: 1: FrontRight
[2022.03.20-20.58.07:382][  0]LogAudioMixer: Display: Using Audio Device Динамики (Realtek(R) Audio)
[2022.03.20-20.58.07:385][  0]LogAudioMixer: Display: Initializing Sound Submixes...
[2022.03.20-20.58.07:388][  0]LogAudioMixer: Display: Creating Master Submix 'MasterSubmixDefault'
[2022.03.20-20.58.07:388][  0]LogAudioMixer: Display: Creating Master Submix 'MasterReverbSubmixDefault'
[2022.03.20-20.58.07:389][  0]LogAudioMixer: Display: Creating Master Submix 'MasterEQSubmixDefault'
[2022.03.20-20.58.07:389][  0]LogAudioMixer: FMixerPlatformXAudio2::StartAudioStream() called
[2022.03.20-20.58.07:389][  0]LogAudioMixer: Display: Output buffers initialized: Frames=1024, Channels=2, Samples=2048
[2022.03.20-20.58.07:391][  0]LogAudioMixer: Display: Starting AudioMixerPlatformInterface::RunInternal()
[2022.03.20-20.58.07:391][  0]LogAudioMixer: Display: FMixerPlatformXAudio2::SubmitBuffer() called for the first time
[2022.03.20-20.58.07:391][  0]LogInit: FAudioDevice initialized.
[2022.03.20-20.58.07:391][  0]LogAudio: Display: Audio Device (ID: 1) registered with world 'Untitled'.
[2022.03.20-20.58.07:391][  0]LogNetVersion: Set ProjectVersion to 1.0.0.0. Version Checksum will be recalculated on next use.
[2022.03.20-20.58.07:460][  0]LogDerivedDataCache: Saved boot cache 0.07s 94MB C:/Users/Lenovo/AppData/Local/UnrealEngine/4.27/DerivedDataCache/Boot.ddc.
[2022.03.20-20.58.07:461][  0]LogInit: Texture streaming: Enabled
[2022.03.20-20.58.07:491][  0]LogAnalytics: Display: [UEEditor.Rocket.Release] APIServer = https://datarouter.ol.epicgames.com/. AppVersion = 4.27.2-18319896+++UE4+Release-4.27
[2022.03.20-20.58.07:503][  0]LogEngineSessionManager: EngineSessionManager initialized
[2022.03.20-20.58.07:504][  0]LogEngineSessionManager: EngineSessionManager sent abnormal shutdown report. Type=Crashed, SessionId={443E4E99-457F-A15D-0154-0B9F47A8328A}
[2022.03.20-20.58.07:504][  0]LogEditorSessionSummary: Verbose: Initializing EditorSessionSummaryWriter for editor session tracking
[2022.03.20-20.58.07:509][  0]LogEditorSessionSummary: EditorSessionSummaryWriter initialized
[2022.03.20-20.58.07:548][  0]LogInit: Transaction tracking system initialized
[2022.03.20-20.58.07:606][  0]BlueprintLog: New page: Editor Load
[2022.03.20-20.58.07:755][  0]LocalizationService: Localization service is disabled
[2022.03.20-20.58.07:819][  0]TimingProfiler: Initialize
[2022.03.20-20.58.07:820][  0]TimingProfiler: OnSessionChanged
[2022.03.20-20.58.07:820][  0]LoadingProfiler: Initialize
[2022.03.20-20.58.07:820][  0]LoadingProfiler: OnSessionChanged
[2022.03.20-20.58.07:820][  0]NetworkingProfiler: Initialize
[2022.03.20-20.58.07:820][  0]NetworkingProfiler: OnSessionChanged
[2022.03.20-20.58.07:820][  0]MemoryProfiler: Initialize
[2022.03.20-20.58.07:820][  0]MemoryProfiler: OnSessionChanged
[2022.03.20-20.58.08:025][  0]LogCook: Display: CookSettings for Memory: MemoryMaxUsedVirtual 0MiB, MemoryMaxUsedPhysical 16384MiB, MemoryMinFreeVirtual 0MiB, MemoryMinFreePhysical 1024MiB
[2022.03.20-20.58.08:026][  0]LogCook: Display: Mobile HDR setting 1
[2022.03.20-20.58.08:414][  0]LogFileCache: Scanning file cache for directory 'C:/Users/Lenovo/Documents/Unreal Projects/GANGtwo/Content/' took 0.01s
[2022.03.20-20.58.08:744][  0]LogInit: Display: Engine is initialized. Leaving FEngineLoop::Init()
[2022.03.20-20.58.08:749][  0]SourceControl: Source control is disabled
[2022.03.20-20.58.08:749][  0]LogUnrealEdMisc: Loading editor; pre map load, took 11.170
[2022.03.20-20.58.08:749][  0]Cmd: MAP LOAD FILE="../../../../../../Users/Lenovo/Documents/Unreal Projects/GANGtwo/Content/TestLevelTwo.umap" TEMPLATE=0 SHOWPROGRESS=1 FEATURELEVEL=3
[2022.03.20-20.58.08:750][  0]LightingResults: New page: Lighting Build
[2022.03.20-20.58.08:751][  0]LogWorld: UWorld::CleanupWorld for Untitled, bSessionEnded=true, bCleanupResources=true
[2022.03.20-20.58.08:752][  0]LogSlate: InvalidateAllWidgets triggered.  All widgets were invalidated
[2022.03.20-20.58.08:752][  0]MapCheck: New page: Map Check
[2022.03.20-20.58.08:752][  0]LightingResults: New page: Lighting Build
[2022.03.20-20.58.08:755][  0]LogAudio: Display: Audio Device unregistered from world 'None'.
[2022.03.20-20.58.08:759][  0]LogUObjectHash: Compacting FUObjectHashTables data took   0.74ms
[2022.03.20-20.58.08:762][  0]LogLinker: Warning: [AssetLog] C:\Users\Lenovo\Documents\Unreal Projects\GANGtwo\Content\TestLevelTwo.umap: Failed to load '/Game/BP_EnemyTurret': Can't find file.
[2022.03.20-20.58.08:763][  0]LogLinker: Warning: [AssetLog] C:\Users\Lenovo\Documents\Unreal Projects\GANGtwo\Content\TestLevelTwo.umap: Failed to load '/Game/BP_EnemyTurret': Can't find file.
[2022.03.20-20.58.08:805][  0]LogLinker: Warning: [AssetLog] C:\Users\Lenovo\Documents\Unreal Projects\GANGtwo\Content\TestLevelTwo.umap: Failed to load '/Game/BP_EnemyTurret': Can't find file.
[2022.03.20-20.58.08:838][  0]LogLinker: Error: Failed import: class 'SkeletalMeshComponent' name 'BodyMesh' outer 'Default__BP_TankPawn_C'. There is another object (of 'StaticMeshComponent' class) at the path.
[2022.03.20-20.58.08:839][  0]LogLinker: Error: Failed import: class 'SkeletalMeshComponent' name 'BodyMesh' outer 'Default__BP_TankPawn_C'. There is another object (of 'StaticMeshComponent' class) at the path.
[2022.03.20-20.58.08:839][  0]LogLinker: Error: Failed import: class 'SkeletalMeshComponent' name 'BodyMesh' outer 'Default__BP_TankPawn_C'. There is another object (of 'StaticMeshComponent' class) at the path.
[2022.03.20-20.58.08:840][  0]LogLinker: Error: Failed import: class 'SkeletalMeshComponent' name 'BodyMesh' outer 'Default__BP_TankPawn_C'. There is another object (of 'StaticMeshComponent' class) at the path.
[2022.03.20-20.58.08:843][  0]LogLinker: Warning: [AssetLog] C:\Users\Lenovo\Documents\Unreal Projects\GANGtwo\Content\TestLevelTwo.umap: Failed to load '/Game/BP_EnemyTurret': Can't find file.
[2022.03.20-20.58.08:843][  0]LogLinker: Warning: [AssetLog] C:\Users\Lenovo\Documents\Unreal Projects\GANGtwo\Content\TestLevelTwo.umap: Failed to load '/Game/BP_EnemyTurret': Can't find file.
[2022.03.20-20.58.08:844][  0]LogLinker: Warning: [AssetLog] C:\Users\Lenovo\Documents\Unreal Projects\GANGtwo\Content\TestLevelTwo.umap: Failed to load '/Game/BP_EnemyTurret': Can't find file.
[2022.03.20-20.58.08:847][  0]LogLinker: Warning: [AssetLog] C:\Users\Lenovo\Documents\Unreal Projects\GANGtwo\Content\TestLevelTwo.umap: Failed to load '/Game/BP_EnemyTurret': Can't find file.
[2022.03.20-20.58.08:848][  0]LogLinker: Warning: [AssetLog] C:\Users\Lenovo\Documents\Unreal Projects\GANGtwo\Content\TestLevelTwo.umap: Failed to load '/Game/BP_EnemyTurret': Can't find file.
[2022.03.20-20.58.08:848][  0]LogLinker: Warning: [AssetLog] C:\Users\Lenovo\Documents\Unreal Projects\GANGtwo\Content\TestLevelTwo.umap: Failed to load '/Game/BP_EnemyTurret': Can't find file.
[2022.03.20-20.58.08:848][  0]LogLinker: Warning: [AssetLog] C:\Users\Lenovo\Documents\Unreal Projects\GANGtwo\Content\TestLevelTwo.umap: Failed to load '/Game/BP_EnemyTurret': Can't find file.
[2022.03.20-20.58.08:849][  0]LogLinker: Warning: Failed to load '/Game/BP_EnemyTurret': Can't find file.
[2022.03.20-20.58.08:849][  0]LogLinker: Warning: Failed to load '/Game/BP_EnemyTurret': Can't find file.
[2022.03.20-20.58.08:929][  0]LogAudio: Display: Audio Device (ID: 1) registered with world 'TestLevelTwo'.
[2022.03.20-20.58.08:930][  0]LogAIModule: Creating AISystem for world TestLevelTwo
[2022.03.20-20.58.08:937][  0]LogEditorServer: Finished looking for orphan Actors (0.000 secs)
[2022.03.20-20.58.08:945][  0]LogUObjectHash: Compacting FUObjectHashTables data took   0.79ms
[2022.03.20-20.58.08:946][  0]Cmd: MAP CHECKDEP NOCLEARLOG
[2022.03.20-20.58.08:946][  0]MapCheck: Map check complete: 0 Error(s), 0 Warning(s), took 0,252ms to complete.
[2022.03.20-20.58.08:946][  0]LogFileHelpers: Loading map 'TestLevelTwo' took 0.197
[2022.03.20-20.58.08:949][  0]LogUnrealEdMisc: Total Editor Startup Time, took 11.370
[2022.03.20-20.58.09:106][  0]LogSlate: Updating window title bar state: overlay mode, drag disabled, window buttons hidden, title bar hidden
[2022.03.20-20.58.09:113][  0]LogSlate: Updating window title bar state: overlay mode, drag disabled, window buttons hidden, title bar hidden
[2022.03.20-20.58.09:119][  0]LogSlate: Updating window title bar state: overlay mode, drag disabled, window buttons hidden, title bar hidden
[2022.03.20-20.58.09:125][  0]LogSlate: Updating window title bar state: overlay mode, drag disabled, window buttons hidden, title bar hidden
[2022.03.20-20.58.09:142][  0]LogNativeClassHierarchy: Verbose: Native class hierarchy populated in 0.0092 seconds. Added 3836 classes and 932 folders.
[2022.03.20-20.58.09:160][  0]LogNativeClassHierarchy: Verbose: Native class hierarchy updated for 'WidgetCarousel' in 0.0002 seconds. Added 0 classes and 0 folders.
[2022.03.20-20.58.09:162][  0]LogPakFile: PakFile PrimaryIndexSize=187
[2022.03.20-20.58.09:163][  0]LogPakFile: PakFile PathHashIndexSize=101
[2022.03.20-20.58.09:163][  0]LogPakFile: PakFile FullDirectoryIndexSize=148
[2022.03.20-20.58.09:163][  0]LogShaderLibrary: Display: ShaderCodeLibraryPakFileMountedCallback: PakFile 'C:/Program Files/Epic Games/UE_4.27/FeaturePacks/FP_FirstPerson.upack' (chunk index -1, root 'root:/') mounted
[2022.03.20-20.58.09:163][  0]LogShaderLibrary: Display: ShaderCodeLibraryPakFileMountedCallback: pending pak file info (ChunkID:-1 Root:root:/ File:C:/Program Files/Epic Games/UE_4.27/FeaturePacks/FP_FirstPerson.upack)
[2022.03.20-20.58.09:164][  0]LogPakFile: OnPakFileMounted2Time == 0.000891
[2022.03.20-20.58.09:166][  0]LogPakFile: PakFile PrimaryIndexSize=189
[2022.03.20-20.58.09:167][  0]LogPakFile: PakFile PathHashIndexSize=101
[2022.03.20-20.58.09:167][  0]LogPakFile: PakFile FullDirectoryIndexSize=152
[2022.03.20-20.58.09:167][  0]LogShaderLibrary: Display: ShaderCodeLibraryPakFileMountedCallback: PakFile 'C:/Program Files/Epic Games/UE_4.27/FeaturePacks/FP_FirstPersonBP.upack' (chunk index -1, root 'root:/') mounted
[2022.03.20-20.58.09:167][  0]LogShaderLibrary: Display: ShaderCodeLibraryPakFileMountedCallback: pending pak file info (ChunkID:-1 Root:root:/ File:C:/Program Files/Epic Games/UE_4.27/FeaturePacks/FP_FirstPersonBP.upack)
[2022.03.20-20.58.09:167][  0]LogPakFile: OnPakFileMounted2Time == 0.000338
[2022.03.20-20.58.09:168][  0]LogPakFile: PakFile PrimaryIndexSize=191
[2022.03.20-20.58.09:168][  0]LogPakFile: PakFile PathHashIndexSize=101
[2022.03.20-20.58.09:168][  0]LogPakFile: PakFile FullDirectoryIndexSize=160
[2022.03.20-20.58.09:169][  0]LogShaderLibrary: Display: ShaderCodeLibraryPakFileMountedCallback: PakFile 'C:/Program Files/Epic Games/UE_4.27/FeaturePacks/MobileStarterContent.upack' (chunk index -1, root 'root:/') mounted
[2022.03.20-20.58.09:169][  0]LogShaderLibrary: Display: ShaderCodeLibraryPakFileMountedCallback: pending pak file info (ChunkID:-1 Root:root:/ File:C:/Program Files/Epic Games/UE_4.27/FeaturePacks/MobileStarterContent.upack)
[2022.03.20-20.58.09:169][  0]LogPakFile: OnPakFileMounted2Time == 0.000194
[2022.03.20-20.58.09:169][  0]LogPakFile: PakFile PrimaryIndexSize=185
[2022.03.20-20.58.09:170][  0]LogPakFile: PakFile PathHashIndexSize=101
[2022.03.20-20.58.09:170][  0]LogPakFile: PakFile FullDirectoryIndexSize=148
[2022.03.20-20.58.09:170][  0]LogShaderLibrary: Display: ShaderCodeLibraryPakFileMountedCallback: PakFile 'C:/Program Files/Epic Games/UE_4.27/FeaturePacks/StarterContent.upack' (chunk index -1, root 'root:/') mounted
[2022.03.20-20.58.09:170][  0]LogShaderLibrary: Display: ShaderCodeLibraryPakFileMountedCallback: pending pak file info (ChunkID:-1 Root:root:/ File:C:/Program Files/Epic Games/UE_4.27/FeaturePacks/StarterContent.upack)
[2022.03.20-20.58.09:170][  0]LogPakFile: OnPakFileMounted2Time == 0.000245
[2022.03.20-20.58.09:171][  0]LogPakFile: PakFile PrimaryIndexSize=190
[2022.03.20-20.58.09:171][  0]LogPakFile: PakFile PathHashIndexSize=101
[2022.03.20-20.58.09:171][  0]LogPakFile: PakFile FullDirectoryIndexSize=154
[2022.03.20-20.58.09:171][  0]LogShaderLibrary: Display: ShaderCodeLibraryPakFileMountedCallback: PakFile 'C:/Program Files/Epic Games/UE_4.27/FeaturePacks/TP_2DSideScroller.upack' (chunk index -1, root 'root:/') mounted
[2022.03.20-20.58.09:171][  0]LogShaderLibrary: Display: ShaderCodeLibraryPakFileMountedCallback: pending pak file info (ChunkID:-1 Root:root:/ File:C:/Program Files/Epic Games/UE_4.27/FeaturePacks/TP_2DSideScroller.upack)
[2022.03.20-20.58.09:171][  0]LogPakFile: OnPakFileMounted2Time == 0.000215
[2022.03.20-20.58.09:172][  0]LogPakFile: PakFile PrimaryIndexSize=192
[2022.03.20-20.58.09:172][  0]LogPakFile: PakFile PathHashIndexSize=101
[2022.03.20-20.58.09:173][  0]LogPakFile: PakFile FullDirectoryIndexSize=158
[2022.03.20-20.58.09:173][  0]LogShaderLibrary: Display: ShaderCodeLibraryPakFileMountedCallback: PakFile 'C:/Program Files/Epic Games/UE_4.27/FeaturePacks/TP_2DSideScrollerBP.upack' (chunk index -1, root 'root:/') mounted
[2022.03.20-20.58.09:173][  0]LogShaderLibrary: Display: ShaderCodeLibraryPakFileMountedCallback: pending pak file info (ChunkID:-1 Root:root:/ File:C:/Program Files/Epic Games/UE_4.27/FeaturePacks/TP_2DSideScrollerBP.upack)
[2022.03.20-20.58.09:173][  0]LogPakFile: OnPakFileMounted2Time == 0.000248
[2022.03.20-20.58.09:174][  0]LogPakFile: PakFile PrimaryIndexSize=182
[2022.03.20-20.58.09:174][  0]LogPakFile: PakFile PathHashIndexSize=101
[2022.03.20-20.58.09:174][  0]LogPakFile: PakFile FullDirectoryIndexSize=138
[2022.03.20-20.58.09:174][  0]LogShaderLibrary: Display: ShaderCodeLibraryPakFileMountedCallback: PakFile 'C:/Program Files/Epic Games/UE_4.27/FeaturePacks/TP_Flying.upack' (chunk index -1, root 'root:/') mounted
[2022.03.20-20.58.09:174][  0]LogShaderLibrary: Display: ShaderCodeLibraryPakFileMountedCallback: pending pak file info (ChunkID:-1 Root:root:/ File:C:/Program Files/Epic Games/UE_4.27/FeaturePacks/TP_Flying.upack)
[2022.03.20-20.58.09:174][  0]LogPakFile: OnPakFileMounted2Time == 0.000277
[2022.03.20-20.58.09:175][  0]LogPakFile: PakFile PrimaryIndexSize=184
[2022.03.20-20.58.09:176][  0]LogPakFile: PakFile PathHashIndexSize=101
[2022.03.20-20.58.09:176][  0]LogPakFile: PakFile FullDirectoryIndexSize=142
[2022.03.20-20.58.09:176][  0]LogShaderLibrary: Display: ShaderCodeLibraryPakFileMountedCallback: PakFile 'C:/Program Files/Epic Games/UE_4.27/FeaturePacks/TP_FlyingBP.upack' (chunk index -1, root 'root:/') mounted
[2022.03.20-20.58.09:176][  0]LogShaderLibrary: Display: ShaderCodeLibraryPakFileMountedCallback: pending pak file info (ChunkID:-1 Root:root:/ File:C:/Program Files/Epic Games/UE_4.27/FeaturePacks/TP_FlyingBP.upack)
[2022.03.20-20.58.09:176][  0]LogPakFile: OnPakFileMounted2Time == 0.000234
[2022.03.20-20.58.09:177][  0]LogPakFile: PakFile PrimaryIndexSize=188
[2022.03.20-20.58.09:177][  0]LogPakFile: PakFile PathHashIndexSize=101
[2022.03.20-20.58.09:177][  0]LogPakFile: PakFile FullDirectoryIndexSize=150
[2022.03.20-20.58.09:177][  0]LogShaderLibrary: Display: ShaderCodeLibraryPakFileMountedCallback: PakFile 'C:/Program Files/Epic Games/UE_4.27/FeaturePacks/TP_HandheldARBP.upack' (chunk index -1, root 'root:/') mounted
[2022.03.20-20.58.09:177][  0]LogShaderLibrary: Display: ShaderCodeLibraryPakFileMountedCallback: pending pak file info (ChunkID:-1 Root:root:/ File:C:/Program Files/Epic Games/UE_4.27/FeaturePacks/TP_HandheldARBP.upack)
[2022.03.20-20.58.09:177][  0]LogPakFile: OnPakFileMounted2Time == 0.000290
[2022.03.20-20.58.09:179][  0]LogPakFile: PakFile PrimaryIndexSize=182
[2022.03.20-20.58.09:179][  0]LogPakFile: PakFile PathHashIndexSize=101
[2022.03.20-20.58.09:179][  0]LogPakFile: PakFile FullDirectoryIndexSize=138
[2022.03.20-20.58.09:179][  0]LogShaderLibrary: Display: ShaderCodeLibraryPakFileMountedCallback: PakFile 'C:/Program Files/Epic Games/UE_4.27/FeaturePacks/TP_Puzzle.upack' (chunk index -1, root 'root:/') mounted
[2022.03.20-20.58.09:179][  0]LogShaderLibrary: Display: ShaderCodeLibraryPakFileMountedCallback: pending pak file info (ChunkID:-1 Root:root:/ File:C:/Program Files/Epic Games/UE_4.27/FeaturePacks/TP_Puzzle.upack)
[2022.03.20-20.58.09:179][  0]LogPakFile: OnPakFileMounted2Time == 0.000211
[2022.03.20-20.58.09:180][  0]LogPakFile: PakFile PrimaryIndexSize=184
[2022.03.20-20.58.09:180][  0]LogPakFile: PakFile PathHashIndexSize=101
[2022.03.20-20.58.09:180][  0]LogPakFile: PakFile FullDirectoryIndexSize=142
[2022.03.20-20.58.09:180][  0]LogShaderLibrary: Display: ShaderCodeLibraryPakFileMountedCallback: PakFile 'C:/Program Files/Epic Games/UE_4.27/FeaturePacks/TP_PuzzleBP.upack' (chunk index -1, root 'root:/') mounted
[2022.03.20-20.58.09:180][  0]LogShaderLibrary: Display: ShaderCodeLibraryPakFileMountedCallback: pending pak file info (ChunkID:-1 Root:root:/ File:C:/Program Files/Epic Games/UE_4.27/FeaturePacks/TP_PuzzleBP.upack)
[2022.03.20-20.58.09:181][  0]LogPakFile: OnPakFileMounted2Time == 0.000251
[2022.03.20-20.58.09:182][  0]LogPakFile: PakFile PrimaryIndexSize=183
[2022.03.20-20.58.09:182][  0]LogPakFile: PakFile PathHashIndexSize=101
[2022.03.20-20.58.09:182][  0]LogPakFile: PakFile FullDirectoryIndexSize=140
[2022.03.20-20.58.09:182][  0]LogShaderLibrary: Display: ShaderCodeLibraryPakFileMountedCallback: PakFile 'C:/Program Files/Epic Games/UE_4.27/FeaturePacks/TP_Rolling.upack' (chunk index -1, root 'root:/') mounted
[2022.03.20-20.58.09:182][  0]LogShaderLibrary: Display: ShaderCodeLibraryPakFileMountedCallback: pending pak file info (ChunkID:-1 Root:root:/ File:C:/Program Files/Epic Games/UE_4.27/FeaturePacks/TP_Rolling.upack)
[2022.03.20-20.58.09:182][  0]LogPakFile: OnPakFileMounted2Time == 0.000294
[2022.03.20-20.58.09:183][  0]LogPakFile: PakFile PrimaryIndexSize=185
[2022.03.20-20.58.09:183][  0]LogPakFile: PakFile PathHashIndexSize=101
[2022.03.20-20.58.09:183][  0]LogPakFile: PakFile FullDirectoryIndexSize=144
[2022.03.20-20.58.09:183][  0]LogShaderLibrary: Display: ShaderCodeLibraryPakFileMountedCallback: PakFile 'C:/Program Files/Epic Games/UE_4.27/FeaturePacks/TP_RollingBP.upack' (chunk index -1, root 'root:/') mounted
[2022.03.20-20.58.09:184][  0]LogShaderLibrary: Display: ShaderCodeLibraryPakFileMountedCallback: pending pak file info (ChunkID:-1 Root:root:/ File:C:/Program Files/Epic Games/UE_4.27/FeaturePacks/TP_RollingBP.upack)
[2022.03.20-20.58.09:184][  0]LogPakFile: OnPakFileMounted2Time == 0.000246
[2022.03.20-20.58.09:185][  0]LogPakFile: PakFile PrimaryIndexSize=188
[2022.03.20-20.58.09:185][  0]LogPakFile: PakFile PathHashIndexSize=101
[2022.03.20-20.58.09:185][  0]LogPakFile: PakFile FullDirectoryIndexSize=150
[2022.03.20-20.58.09:185][  0]LogShaderLibrary: Display: ShaderCodeLibraryPakFileMountedCallback: PakFile 'C:/Program Files/Epic Games/UE_4.27/FeaturePacks/TP_SideScroller.upack' (chunk index -1, root 'root:/') mounted
[2022.03.20-20.58.09:185][  0]LogShaderLibrary: Display: ShaderCodeLibraryPakFileMountedCallback: pending pak file info (ChunkID:-1 Root:root:/ File:C:/Program Files/Epic Games/UE_4.27/FeaturePacks/TP_SideScroller.upack)
[2022.03.20-20.58.09:185][  0]LogPakFile: OnPakFileMounted2Time == 0.000356
[2022.03.20-20.58.09:186][  0]LogPakFile: PakFile PrimaryIndexSize=190
[2022.03.20-20.58.09:187][  0]LogPakFile: PakFile PathHashIndexSize=101
[2022.03.20-20.58.09:187][  0]LogPakFile: PakFile FullDirectoryIndexSize=154
[2022.03.20-20.58.09:187][  0]LogShaderLibrary: Display: ShaderCodeLibraryPakFileMountedCallback: PakFile 'C:/Program Files/Epic Games/UE_4.27/FeaturePacks/TP_SideScrollerBP.upack' (chunk index -1, root 'root:/') mounted
[2022.03.20-20.58.09:187][  0]LogShaderLibrary: Display: ShaderCodeLibraryPakFileMountedCallback: pending pak file info (ChunkID:-1 Root:root:/ File:C:/Program Files/Epic Games/UE_4.27/FeaturePacks/TP_SideScrollerBP.upack)
[2022.03.20-20.58.09:187][  0]LogPakFile: OnPakFileMounted2Time == 0.000232
[2022.03.20-20.58.09:188][  0]LogPakFile: PakFile PrimaryIndexSize=187
[2022.03.20-20.58.09:188][  0]LogPakFile: PakFile PathHashIndexSize=101
[2022.03.20-20.58.09:188][  0]LogPakFile: PakFile FullDirectoryIndexSize=148
[2022.03.20-20.58.09:188][  0]LogShaderLibrary: Display: ShaderCodeLibraryPakFileMountedCallback: PakFile 'C:/Program Files/Epic Games/UE_4.27/FeaturePacks/TP_ThirdPerson.upack' (chunk index -1, root 'root:/') mounted
[2022.03.20-20.58.09:188][  0]LogShaderLibrary: Display: ShaderCodeLibraryPakFileMountedCallback: pending pak file info (ChunkID:-1 Root:root:/ File:C:/Program Files/Epic Games/UE_4.27/FeaturePacks/TP_ThirdPerson.upack)
[2022.03.20-20.58.09:189][  0]LogPakFile: OnPakFileMounted2Time == 0.000301
[2022.03.20-20.58.09:190][  0]LogPakFile: PakFile PrimaryIndexSize=189
[2022.03.20-20.58.09:190][  0]LogPakFile: PakFile PathHashIndexSize=101
[2022.03.20-20.58.09:190][  0]LogPakFile: PakFile FullDirectoryIndexSize=152
[2022.03.20-20.58.09:190][  0]LogShaderLibrary: Display: ShaderCodeLibraryPakFileMountedCallback: PakFile 'C:/Program Files/Epic Games/UE_4.27/FeaturePacks/TP_ThirdPersonBP.upack' (chunk index -1, root 'root:/') mounted
[2022.03.20-20.58.09:190][  0]LogShaderLibrary: Display: ShaderCodeLibraryPakFileMountedCallback: pending pak file info (ChunkID:-1 Root:root:/ File:C:/Program Files/Epic Games/UE_4.27/FeaturePacks/TP_ThirdPersonBP.upack)
[2022.03.20-20.58.09:190][  0]LogPakFile: OnPakFileMounted2Time == 0.000255
[2022.03.20-20.58.09:192][  0]LogPakFile: PakFile PrimaryIndexSize=183
[2022.03.20-20.58.09:192][  0]LogPakFile: PakFile PathHashIndexSize=101
[2022.03.20-20.58.09:192][  0]LogPakFile: PakFile FullDirectoryIndexSize=140
[2022.03.20-20.58.09:192][  0]LogShaderLibrary: Display: ShaderCodeLibraryPakFileMountedCallback: PakFile 'C:/Program Files/Epic Games/UE_4.27/FeaturePacks/TP_TopDown.upack' (chunk index -1, root 'root:/') mounted
[2022.03.20-20.58.09:192][  0]LogShaderLibrary: Display: ShaderCodeLibraryPakFileMountedCallback: pending pak file info (ChunkID:-1 Root:root:/ File:C:/Program Files/Epic Games/UE_4.27/FeaturePacks/TP_TopDown.upack)
[2022.03.20-20.58.09:192][  0]LogPakFile: OnPakFileMounted2Time == 0.000348
[2022.03.20-20.58.09:193][  0]LogPakFile: PakFile PrimaryIndexSize=185
[2022.03.20-20.58.09:194][  0]LogPakFile: PakFile PathHashIndexSize=101
[2022.03.20-20.58.09:194][  0]LogPakFile: PakFile FullDirectoryIndexSize=144
[2022.03.20-20.58.09:194][  0]LogShaderLibrary: Display: ShaderCodeLibraryPakFileMountedCallback: PakFile 'C:/Program Files/Epic Games/UE_4.27/FeaturePacks/TP_TopDownBP.upack' (chunk index -1, root 'root:/') mounted
[2022.03.20-20.58.09:194][  0]LogShaderLibrary: Display: ShaderCodeLibraryPakFileMountedCallback: pending pak file info (ChunkID:-1 Root:root:/ File:C:/Program Files/Epic Games/UE_4.27/FeaturePacks/TP_TopDownBP.upack)
[2022.03.20-20.58.09:194][  0]LogPakFile: OnPakFileMounted2Time == 0.000248
[2022.03.20-20.58.09:195][  0]LogPakFile: PakFile PrimaryIndexSize=185
[2022.03.20-20.58.09:195][  0]LogPakFile: PakFile PathHashIndexSize=101
[2022.03.20-20.58.09:195][  0]LogPakFile: PakFile FullDirectoryIndexSize=144
[2022.03.20-20.58.09:195][  0]LogShaderLibrary: Display: ShaderCodeLibraryPakFileMountedCallback: PakFile 'C:/Program Files/Epic Games/UE_4.27/FeaturePacks/TP_TwinStick.upack' (chunk index -1, root 'root:/') mounted
[2022.03.20-20.58.09:195][  0]LogShaderLibrary: Display: ShaderCodeLibraryPakFileMountedCallback: pending pak file info (ChunkID:-1 Root:root:/ File:C:/Program Files/Epic Games/UE_4.27/FeaturePacks/TP_TwinStick.upack)
[2022.03.20-20.58.09:196][  0]LogPakFile: OnPakFileMounted2Time == 0.000199
[2022.03.20-20.58.09:196][  0]LogPakFile: PakFile PrimaryIndexSize=187
[2022.03.20-20.58.09:197][  0]LogPakFile: PakFile PathHashIndexSize=101
[2022.03.20-20.58.09:197][  0]LogPakFile: PakFile FullDirectoryIndexSize=148
[2022.03.20-20.58.09:198][  0]LogShaderLibrary: Display: ShaderCodeLibraryPakFileMountedCallback: PakFile 'C:/Program Files/Epic Games/UE_4.27/FeaturePacks/TP_TwinStickBP.upack' (chunk index -1, root 'root:/') mounted
[2022.03.20-20.58.09:198][  0]LogShaderLibrary: Display: ShaderCodeLibraryPakFileMountedCallback: pending pak file info (ChunkID:-1 Root:root:/ File:C:/Program Files/Epic Games/UE_4.27/FeaturePacks/TP_TwinStickBP.upack)
[2022.03.20-20.58.09:198][  0]LogPakFile: OnPakFileMounted2Time == 0.001091
[2022.03.20-20.58.09:201][  0]LogPakFile: PakFile PrimaryIndexSize=183
[2022.03.20-20.58.09:201][  0]LogPakFile: PakFile PathHashIndexSize=101
[2022.03.20-20.58.09:201][  0]LogPakFile: PakFile FullDirectoryIndexSize=140
[2022.03.20-20.58.09:201][  0]LogShaderLibrary: Display: ShaderCodeLibraryPakFileMountedCallback: PakFile 'C:/Program Files/Epic Games/UE_4.27/FeaturePacks/TP_Vehicle.upack' (chunk index -1, root 'root:/') mounted
[2022.03.20-20.58.09:201][  0]LogShaderLibrary: Display: ShaderCodeLibraryPakFileMountedCallback: pending pak file info (ChunkID:-1 Root:root:/ File:C:/Program Files/Epic Games/UE_4.27/FeaturePacks/TP_Vehicle.upack)
[2022.03.20-20.58.09:201][  0]LogPakFile: OnPakFileMounted2Time == 0.000293
[2022.03.20-20.58.09:202][  0]LogPakFile: PakFile PrimaryIndexSize=186
[2022.03.20-20.58.09:203][  0]LogPakFile: PakFile PathHashIndexSize=101
[2022.03.20-20.58.09:203][  0]LogPakFile: PakFile FullDirectoryIndexSize=146
[2022.03.20-20.58.09:203][  0]LogShaderLibrary: Display: ShaderCodeLibraryPakFileMountedCallback: PakFile 'C:/Program Files/Epic Games/UE_4.27/FeaturePacks/TP_VehicleAdv.upack' (chunk index -1, root 'root:/') mounted
[2022.03.20-20.58.09:203][  0]LogShaderLibrary: Display: ShaderCodeLibraryPakFileMountedCallback: pending pak file info (ChunkID:-1 Root:root:/ File:C:/Program Files/Epic Games/UE_4.27/FeaturePacks/TP_VehicleAdv.upack)
[2022.03.20-20.58.09:203][  0]LogPakFile: OnPakFileMounted2Time == 0.000232
[2022.03.20-20.58.09:204][  0]LogPakFile: PakFile PrimaryIndexSize=188
[2022.03.20-20.58.09:205][  0]LogPakFile: PakFile PathHashIndexSize=101
[2022.03.20-20.58.09:205][  0]LogPakFile: PakFile FullDirectoryIndexSize=150
[2022.03.20-20.58.09:205][  0]LogShaderLibrary: Display: ShaderCodeLibraryPakFileMountedCallback: PakFile 'C:/Program Files/Epic Games/UE_4.27/FeaturePacks/TP_VehicleAdvBP.upack' (chunk index -1, root 'root:/') mounted
[2022.03.20-20.58.09:205][  0]LogShaderLibrary: Display: ShaderCodeLibraryPakFileMountedCallback: pending pak file info (ChunkID:-1 Root:root:/ File:C:/Program Files/Epic Games/UE_4.27/FeaturePacks/TP_VehicleAdvBP.upack)
[2022.03.20-20.58.09:205][  0]LogPakFile: OnPakFileMounted2Time == 0.000234
[2022.03.20-20.58.09:205][  0]LogPakFile: PakFile PrimaryIndexSize=185
[2022.03.20-20.58.09:205][  0]LogPakFile: PakFile PathHashIndexSize=101
[2022.03.20-20.58.09:205][  0]LogPakFile: PakFile FullDirectoryIndexSize=144
[2022.03.20-20.58.09:206][  0]LogShaderLibrary: Display: ShaderCodeLibraryPakFileMountedCallback: PakFile 'C:/Program Files/Epic Games/UE_4.27/FeaturePacks/TP_VehicleBP.upack' (chunk index -1, root 'root:/') mounted
[2022.03.20-20.58.09:206][  0]LogShaderLibrary: Display: ShaderCodeLibraryPakFileMountedCallback: pending pak file info (ChunkID:-1 Root:root:/ File:C:/Program Files/Epic Games/UE_4.27/FeaturePacks/TP_VehicleBP.upack)
[2022.03.20-20.58.09:206][  0]LogPakFile: OnPakFileMounted2Time == 0.000224
[2022.03.20-20.58.09:207][  0]LogPakFile: PakFile PrimaryIndexSize=192
[2022.03.20-20.58.09:208][  0]LogPakFile: PakFile PathHashIndexSize=101
[2022.03.20-20.58.09:208][  0]LogPakFile: PakFile FullDirectoryIndexSize=158
[2022.03.20-20.58.09:208][  0]LogShaderLibrary: Display: ShaderCodeLibraryPakFileMountedCallback: PakFile 'C:/Program Files/Epic Games/UE_4.27/FeaturePacks/TP_VirtualRealityBP.upack' (chunk index -1, root 'root:/') mounted
[2022.03.20-20.58.09:208][  0]LogShaderLibrary: Display: ShaderCodeLibraryPakFileMountedCallback: pending pak file info (ChunkID:-1 Root:root:/ File:C:/Program Files/Epic Games/UE_4.27/FeaturePacks/TP_VirtualRealityBP.upack)
[2022.03.20-20.58.09:208][  0]LogPakFile: OnPakFileMounted2Time == 0.000229
[2022.03.20-20.58.09:256][  0]LogNativeClassHierarchy: Verbose: Native class hierarchy updated for 'AddContentDialog' in 0.0003 seconds. Added 0 classes and 0 folders.
[2022.03.20-20.58.09:258][  0]LogNativeClassHierarchy: Verbose: Native class hierarchy updated for 'SceneOutliner' in 0.0004 seconds. Added 2 classes and 0 folders.
[2022.03.20-20.58.09:343][  0]LogNativeClassHierarchy: Verbose: Native class hierarchy updated for 'HierarchicalLODOutliner' in 0.0004 seconds. Added 0 classes and 0 folders.
[2022.03.20-20.58.09:343][  0]LogLoad: (Engine Initialization) Total time: 11.76 seconds
[2022.03.20-20.58.09:343][  0]LogLoad: (Engine Initialization) Total Blueprint compile time: 0.00 seconds
[2022.03.20-20.58.09:371][  0]LoadErrors: Warning: CreateExport: Failed to load Outer for resource 'CannonPosition': BP_EnemyTurret_C /Game/TestLevelTwo.TestLevelTwo:PersistentLevel.BP_EnemyTurret_2
[2022.03.20-20.58.09:371][  0]LoadErrors: Warning: CreateExport: Failed to load Outer for resource 'Collision': BP_EnemyTurret_C /Game/TestLevelTwo.TestLevelTwo:PersistentLevel.BP_EnemyTurret_2
[2022.03.20-20.58.09:371][  0]LoadErrors: Warning: CreateExport: Failed to load Outer for resource 'HealthComponent': BP_EnemyTurret_C /Game/TestLevelTwo.TestLevelTwo:PersistentLevel.BP_EnemyTurret_2
[2022.03.20-20.58.09:372][  0]LoadErrors: Warning: CreateExport: Failed to load Outer for resource 'RangeSphere': BP_EnemyTurret_C /Game/TestLevelTwo.TestLevelTwo:PersistentLevel.BP_EnemyTurret_2
[2022.03.20-20.58.09:372][  0]LoadErrors: Warning: CreateExport: Failed to load Outer for resource 'BodyMesh': BP_EnemyTurret_C /Game/TestLevelTwo.TestLevelTwo:PersistentLevel.BP_EnemyTurret_2
[2022.03.20-20.58.09:372][  0]LoadErrors: Warning: CreateExport: Failed to load Outer for resource 'TurretMesh': BP_EnemyTurret_C /Game/TestLevelTwo.TestLevelTwo:PersistentLevel.BP_EnemyTurret_2
[2022.03.20-20.58.09:417][  0]LogAssetRegistry: Asset discovery search completed in 6.8001 seconds
[2022.03.20-20.58.09:431][  0]LogCollectionManager: Fixed up redirectors for 0 collections in 0.000011 seconds (updated 0 objects)
[2022.03.20-20.58.09:432][  0]LogContentStreaming: Texture pool size now 1000 MB
[2022.03.20-20.58.09:518][  0]LogSlate: Took 0.000224 seconds to synchronously load lazily loaded font '../../../Engine/Content/Slate/Fonts/Roboto-Regular.ttf' (155K)
[2022.03.20-20.58.09:520][  0]LogSlate: Took 0.000423 seconds to synchronously load lazily loaded font '../../../Engine/Content/Editor/Slate/Fonts/FontAwesome.ttf' (139K)
[2022.03.20-20.58.09:524][  0]LogSlate: Took 0.000220 seconds to synchronously load lazily loaded font '../../../Engine/Content/Slate/Fonts/Roboto-Bold.ttf' (160K)
[2022.03.20-20.58.09:663][  0]LogSlate: Took 0.000214 seconds to synchronously load lazily loaded font '../../../Engine/Content/Slate/Fonts/Roboto-Light.ttf' (167K)
[2022.03.20-20.58.09:685][  0]LogSlate: Took 0.000300 seconds to synchronously load lazily loaded font '../../../Engine/Content/Slate/Fonts/DroidSansMono.ttf' (77K)
[2022.03.20-20.58.09:713][  0]LogRenderer: Reallocating scene render targets to support 704x328 Format 10 NumSamples 1 (Frame:1).
[2022.03.20-20.58.11:302][ 77]LogSlate: Window 'Message Log' being destroyed
[2022.03.20-20.58.11:310][ 77]LogSlate: Window 'Message Log' being destroyed
[2022.03.20-20.58.12:709][158]LogTemp: Repeating last play command: Selected Viewport
[2022.03.20-20.58.12:715][158]LogPlayLevel: PlayLevel: No blueprints needed recompiling
[2022.03.20-20.58.12:716][158]PIE: New page: PIE session: TestLevelTwo (21 мар. 2022 г., 14:58:12)
[2022.03.20-20.58.12:718][158]LogOnline: OSS: Creating online subsystem instance for: NULL
[2022.03.20-20.58.12:722][158]LogOnline: OSS: TryLoadSubsystemAndSetDefault: Loaded subsystem for module [NULL]
[2022.03.20-20.58.12:723][158]LogPlayLevel: Creating play world package: /Game/UEDPIE_0_TestLevelTwo
[2022.03.20-20.58.12:725][158]LogPlayLevel: PIE: StaticDuplicateObject took: (0.002592s)
[2022.03.20-20.58.12:727][158]LogAIModule: Creating AISystem for world TestLevelTwo
[2022.03.20-20.58.12:728][158]LogPlayLevel: PIE: World Init took: (0.001659s)
[2022.03.20-20.58.12:728][158]LogPlayLevel: PIE: Created PIE world by copying editor world from /Game/TestLevelTwo.TestLevelTwo to /Game/UEDPIE_0_TestLevelTwo.TestLevelTwo (0.004800s)
